{"message": "Listening on 127.0.0.1:3005", "level": "INFO", "name": "merchant-service", "time": "2020-05-20T23:02:50.409288"}{"message": "Listening on 127.0.0.1:3005", "level": "INFO", "name": "merchant-service", "time": "2020-05-20T23:18:19.899437"}
{"message": "Listening on 127.0.0.1:3005", "level": "INFO", "name": "merchant-service", "time": "2020-05-20T23:25:38.567229"}
{"message": "Listening on 127.0.0.1:3005", "level": "INFO", "name": "merchant-service", "time": "2020-05-20T23:26:06.049053"}
{"message": "Listening on 127.0.0.1:3005", "level": "INFO", "name": "merchant-service", "time": "2020-05-21T00:09:07.660165"}
{"message": "Listening on 127.0.0.1:3005", "level": "INFO", "name": "merchant-service", "time": "2020-05-21T00:16:18.746804"}
{"message": "Listening on 127.0.0.1:3005", "level": "INFO", "name": "merchant-service", "time": "2020-05-21T00:18:49.641351"}
{"message": "Listening on 127.0.0.1:3005", "level": "INFO", "name": "merchant-service", "time": "2020-05-21T00:40:03.504787"}
{"message": "Listening on 127.0.0.1:3005", "level": "INFO", "name": "merchant-service", "time": "2020-05-21T00:41:01.622246"}
{"message": "Listening on 127.0.0.1:3005", "level": "INFO", "name": "merchant-service", "time": "2020-05-21T00:42:36.685270"}
{"message": "Listening on 127.0.0.1:3005", "level": "INFO", "name": "merchant-service", "time": "2020-05-21T00:47:01.078732"}
{"message": "Listening on 127.0.0.1:3005", "level": "INFO", "name": "merchant-service", "time": "2020-05-21T00:47:52.244375"}
{"message": "Listening on 127.0.0.1:3005", "level": "INFO", "name": "merchant-service", "time": "2020-05-21T00:48:32.345417"}
{"message": "Listening on 127.0.0.1:3005", "level": "INFO", "name": "merchant-service", "time": "2020-05-21T00:55:19.982003"}
{"message": "Listening on 127.0.0.1:3005", "level": "INFO", "name": "merchant-service", "time": "2020-05-21T00:58:34.637532"}
{"message": "Listening on 127.0.0.1:3005", "level": "INFO", "name": "merchant-service", "time": "2020-05-21T01:00:26.269695"}
{"message": "Listening on 127.0.0.1:3005", "level": "INFO", "name": "merchant-service", "time": "2020-05-21T01:05:30.365067"}
{"message": "Listening on 127.0.0.1:3005", "level": "INFO", "name": "merchant-service", "time": "2020-05-21T01:06:57.526975"}
{"message": "Listening on 127.0.0.1:3005", "level": "INFO", "name": "merchant-service", "time": "2020-05-21T01:07:08.493670"}
{"message": "Listening on 127.0.0.1:3005", "level": "INFO", "name": "merchant-service", "time": "2020-05-21T01:07:32.398577"}
{"message": "Listening on 127.0.0.1:3005", "level": "INFO", "name": "merchant-service", "time": "2020-05-21T01:07:40.942946"}
{"message": "Listening on 127.0.0.1:3005", "level": "INFO", "name": "merchant-service", "time": "2020-05-21T01:12:35.786633"}
{"message": "Listening on 127.0.0.1:3005", "level": "INFO", "name": "merchant-service", "time": "2020-05-21T01:55:07.140985"}
{"message": "Listening on localhost:3005", "level": "INFO", "name": "merchant-service", "time": "2020-05-21T02:06:38.397723"}
{"message": "Listening on localhost:3005", "level": "INFO", "name": "merchant-service", "time": "2020-05-21T02:07:35.819126"}
{"message": "Listening on localhost:3005", "level": "INFO", "name": "merchant-service", "time": "2020-05-21T08:50:30.908496"}
{"message": "Listening on localhost:3005", "level": "INFO", "name": "merchant-service", "time": "2020-05-21T08:51:19.218090"}
{"message": "Listening on localhost:3005", "level": "INFO", "name": "merchant-service", "time": "2020-05-21T08:56:51.513252"}
{"message": "Listening on localhost:3005", "level": "INFO", "name": "merchant-service", "time": "2020-05-21T09:01:44.271955"}
{"message": "Listening on localhost:3005", "level": "INFO", "name": "merchant-service", "time": "2020-05-21T09:02:46.093064"}
{"message": "Listening on localhost:3005", "level": "INFO", "name": "merchant-service", "time": "2020-05-21T09:04:53.892712"}
{"message": "Listening on localhost:3005", "level": "INFO", "name": "merchant-service", "time": "2020-05-21T09:05:22.206515"}
{"message": "Listening on localhost:3005", "level": "INFO", "name": "merchant-service", "time": "2020-05-21T09:33:23.365483"}
{"message": "Listening on localhost:3005", "level": "INFO", "name": "merchant-service", "time": "2020-05-21T09:34:56.287934"}
{"message": "Listening on localhost:3005", "level": "INFO", "name": "merchant-service", "time": "2020-05-21T09:42:42.488929"}
{"message": "Listening on localhost:3005", "level": "INFO", "name": "merchant-service", "time": "2020-05-21T09:44:32.900798"}
{"message": "Listening on localhost:3005", "level": "INFO", "name": "merchant-service", "time": "2020-05-21T09:47:08.486630"}
{"message": "Listening on localhost:3005", "level": "INFO", "name": "merchant-service", "time": "2020-05-21T09:49:47.437103"}
{"message": "Listening on localhost:3005", "level": "INFO", "name": "merchant-service", "time": "2020-05-21T09:51:15.584896"}
{"message": "Listening on localhost:3005", "level": "INFO", "name": "merchant-service", "time": "2020-05-21T11:56:59.060881"}
{"message": "Listening on localhost:3005", "level": "INFO", "name": "merchant-service", "time": "2020-05-21T11:57:32.874768"}
{"message": "Listening on localhost:3005", "level": "INFO", "name": "merchant-service", "time": "2020-05-21T11:58:26.669029"}
{"message": "Listening on localhost:3005", "level": "INFO", "name": "merchant-service", "time": "2020-05-21T11:59:48.511160"}
{"message": "Listening on localhost:3005", "level": "INFO", "name": "merchant-service", "time": "2020-05-21T12:06:51.911084"}
{"message": "Listening on localhost:3005", "level": "INFO", "name": "merchant-service", "time": "2020-05-21T12:07:58.324779"}
{"message": "Listening on localhost:3005", "level": "INFO", "name": "merchant-service", "time": "2020-05-21T12:09:14.901070"}
{"message": "Listening on localhost:3005", "level": "INFO", "name": "merchant-service", "time": "2020-05-21T12:10:22.844988"}
{"message": "Listening on localhost:3005", "level": "INFO", "name": "merchant-service", "time": "2020-05-21T12:12:21.290637"}
{"message": "Called DeleteGeneralMerchant", "level": "INFO", "name": "merchant-service", "time": "2020-05-21T12:12:23.810687", "request": "merchantID: \"230-34\"\n"}
{"message": "Listening on localhost:3005", "level": "INFO", "name": "merchant-service", "time": "2020-05-21T12:14:31.524436"}
{"message": "Listening on localhost:3005", "level": "INFO", "name": "merchant-service", "time": "2020-05-21T12:15:14.395246"}
{"message": "Listening on localhost:3005", "level": "INFO", "name": "merchant-service", "time": "2020-05-21T12:15:50.631174"}
{"message": "Listening on localhost:3005", "level": "INFO", "name": "merchant-service", "time": "2020-05-21T12:19:39.303439"}
{"message": "Listening on localhost:3005", "level": "INFO", "name": "merchant-service", "time": "2020-05-21T12:27:32.561967"}
{"message": "Listening on localhost:3005", "level": "INFO", "name": "merchant-service", "time": "2020-05-21T12:45:54.070726"}
{"message": "Listening on localhost:3005", "level": "INFO", "name": "merchant-service", "time": "2020-05-21T12:46:44.652729"}
{"message": "Listening on localhost:3005", "level": "INFO", "name": "merchant-service", "time": "2020-05-21T13:04:18.772890"}
{"message": "Listening on localhost:3005", "level": "INFO", "name": "merchant-service", "time": "2020-05-21T13:04:32.990918"}
{"message": "Listening on localhost:3005", "level": "INFO", "name": "merchant-service", "time": "2020-05-21T13:06:22.991904"}
{"message": "Listening on localhost:3005", "level": "INFO", "name": "merchant-service", "time": "2020-05-21T13:07:07.331681"}
{"message": "Listening on localhost:3005", "level": "INFO", "name": "merchant-service", "time": "2020-05-21T13:07:38.617162"}
{"message": "Listening on localhost:3005", "level": "INFO", "name": "merchant-service", "time": "2020-05-21T13:09:06.478776"}
{"message": "Listening on localhost:3005", "level": "INFO", "name": "merchant-service", "time": "2020-05-21T13:12:02.388932"}
{"message": "Listening on localhost:3005", "level": "INFO", "name": "merchant-service", "time": "2020-05-21T13:12:46.458513"}
{"message": "Listening on localhost:3005", "level": "INFO", "name": "merchant-service", "time": "2020-05-21T13:14:30.770410"}
{"message": "Listening on localhost:3005", "level": "INFO", "name": "merchant-service", "time": "2020-05-21T13:16:33.247706"}
{"message": "Listening on localhost:3005", "level": "INFO", "name": "merchant-service", "time": "2020-05-21T13:19:01.232885"}
{"message": "Listening on localhost:3005", "level": "INFO", "name": "merchant-service", "time": "2020-05-21T13:19:46.318942"}
{"message": "Listening on localhost:3005", "level": "INFO", "name": "merchant-service", "time": "2020-05-21T13:28:20.895955"}
{"message": "Listening on localhost:3005", "level": "INFO", "name": "merchant-service", "time": "2020-05-21T16:09:29.739609"}
{"message": "Listening on localhost:3005", "level": "INFO", "name": "merchant-service", "time": "2020-05-21T16:10:21.928211"}
{"message": "Listening on localhost:3005", "level": "INFO", "name": "merchant-service", "time": "2020-05-21T16:11:02.742237"}
{"message": "Listening on localhost:3005", "level": "INFO", "name": "merchant-service", "time": "2020-05-21T16:14:13.212390"}
{"message": "Listening on localhost:3005", "level": "INFO", "name": "merchant-service", "time": "2020-05-21T16:15:25.399074"}
{"message": "Listening on localhost:3005", "level": "INFO", "name": "merchant-service", "time": "2020-05-21T16:21:33.565887"}
{"message": "Listening on localhost:3005", "level": "INFO", "name": "merchant-service", "time": "2020-05-21T16:29:28.394171"}
{"message": "Listening on localhost:3005", "level": "INFO", "name": "merchant-service", "time": "2020-05-21T16:31:06.395974"}
{"message": "Listening on localhost:3005", "level": "INFO", "name": "merchant-service", "time": "2020-05-21T16:32:46.043168"}
{"message": "Listening on localhost:3005", "level": "INFO", "name": "merchant-service", "time": "2020-05-21T16:33:37.233300"}
{"message": "Listening on localhost:3005", "level": "INFO", "name": "merchant-service", "time": "2020-05-21T18:20:47.296326"}
{"message": "Listening on localhost:3005", "level": "INFO", "name": "merchant-service", "time": "2020-05-21T18:21:25.097447"}
{"message": "Listening on localhost:3005", "level": "INFO", "name": "merchant-service", "time": "2020-05-21T19:43:46.586349"}
{"message": "Listening on localhost:3005", "level": "INFO", "name": "merchant-service", "time": "2020-05-21T19:57:57.483927"}
{"message": "Listening on localhost:3005", "level": "INFO", "name": "merchant-service", "time": "2020-05-21T19:58:36.476033"}
{"message": "Listening on localhost:3005", "level": "INFO", "name": "merchant-service", "time": "2020-05-21T19:59:27.773659"}
{"message": "Called DeleteGeneralMerchant", "level": "INFO", "name": "merchant-service", "time": "2020-05-21T19:59:31.404509", "request": "merchantID: \"23034\"\n"}
{"message": "Listening on localhost:3005", "level": "INFO", "name": "merchant-service", "time": "2020-05-21T20:03:31.521936"}
{"message": "Listening on localhost:3005", "level": "INFO", "name": "merchant-service", "time": "2020-05-21T20:13:14.883861"}
{"message": "Listening on localhost:3005", "level": "INFO", "name": "merchant-service", "time": "2020-05-21T20:14:22.203523"}
{"message": "Listening on localhost:3005", "level": "INFO", "name": "merchant-service", "time": "2020-05-21T20:14:54.523089"}
{"message": "Listening on localhost:3005", "level": "INFO", "name": "merchant-service", "time": "2020-05-21T20:15:53.576867"}
{"message": "Listening on localhost:3005", "level": "INFO", "name": "merchant-service", "time": "2020-05-21T20:34:58.440378"}
{"message": "Listening on localhost:3005", "level": "INFO", "name": "merchant-service", "time": "2020-05-21T20:36:44.905570"}
{"message": "Listening on localhost:3005", "level": "INFO", "name": "merchant-service", "time": "2020-05-22T00:45:51.947598"}
{"message": "Listening on localhost:3005", "level": "INFO", "name": "merchant-service", "time": "2020-05-22T09:00:50.563555"}
{"message": "Listening on localhost:3005", "level": "INFO", "name": "merchant-service", "time": "2020-05-22T22:24:50.666901"}
{"message": "Listening on localhost:3005", "level": "INFO", "name": "merchant-service", "time": "2020-05-22T23:43:34.035057"}
{"message": "Listening on localhost:3005", "level": "INFO", "name": "merchant-service", "time": "2020-05-22T23:44:58.642288"}
{"message": "Listening on localhost:3005", "level": "INFO", "name": "merchant-service", "time": "2020-05-22T23:45:45.036909"}
{"message": "Called DeleteGeneralMerchant", "level": "INFO", "name": "merchant-service", "time": "2020-05-22T23:45:48.217461", "request": "merchantID: \"230-34\"\n"}
{"message": "Listening on localhost:3005", "level": "INFO", "name": "merchant-service", "time": "2020-05-22T23:46:16.218526"}
{"message": "Listening on localhost:3005", "level": "INFO", "name": "merchant-service", "time": "2020-05-22T23:48:12.891700"}
{"message": "Listening on localhost:3005", "level": "INFO", "name": "merchant-service", "time": "2020-05-22T23:53:59.473180"}
{"message": "Listening on localhost:3005", "level": "INFO", "name": "merchant-service", "time": "2020-05-22T23:58:52.304815"}
{"message": "Listening on localhost:3005", "level": "INFO", "name": "merchant-service", "time": "2020-05-23T00:03:15.567398"}
{"message": "Listening on localhost:3005", "level": "INFO", "name": "merchant-service", "time": "2020-05-23T00:03:54.678533"}
{"message": "Listening on localhost:3005", "level": "INFO", "name": "merchant-service", "time": "2020-05-23T00:11:38.372709"}
{"message": "Listening on localhost:3005", "level": "INFO", "name": "merchant-service", "time": "2020-05-23T00:43:29.895004"}
{"message": "Called DeleteGeneralMerchant", "level": "INFO", "name": "merchant-service", "time": "2020-05-23T00:43:35.013472", "request": "merchantID: \"230-34\"\n"}
{"message": "Listening on localhost:3005", "level": "INFO", "name": "merchant-service", "time": "2020-05-23T00:45:13.454125"}
{"message": "Called DeleteGeneralMerchant", "level": "INFO", "name": "merchant-service", "time": "2020-05-23T00:45:16.163719", "request": "merchantID: \"230-34\"\n"}
{"message": "Listening on localhost:3005", "level": "INFO", "name": "merchant-service", "time": "2020-05-23T00:48:00.345114"}
{"message": "Called DeleteGeneralMerchant", "level": "INFO", "name": "merchant-service", "time": "2020-05-23T00:48:04.295240", "request": "merchantID: \"230-34\"\n"}
{"message": "Listening on localhost:3005", "level": "INFO", "name": "merchant-service", "time": "2020-05-23T00:48:55.408321"}
{"message": "Called DeleteGeneralMerchant", "level": "INFO", "name": "merchant-service", "time": "2020-05-23T00:48:58.002709", "request": "merchantID: \"230-34\"\n"}
{"message": "Listening on localhost:3005", "level": "INFO", "name": "merchant-service", "time": "2020-05-23T00:49:09.091499"}
{"message": "Called DeleteGeneralMerchant", "level": "INFO", "name": "merchant-service", "time": "2020-05-23T00:49:11.434656", "request": "merchantID: \"230-34\"\n"}
{"message": "Listening on localhost:3005", "level": "INFO", "name": "merchant-service", "time": "2020-05-23T00:54:56.372173"}
{"message": "Called DeleteGeneralMerchant", "level": "INFO", "name": "merchant-service", "time": "2020-05-23T00:54:58.440533", "request": "merchantID: \"230-34\"\n"}
{"message": "Listening on localhost:3005", "level": "INFO", "name": "merchant-service", "time": "2020-05-23T00:55:38.423671"}
{"message": "Called DeleteGeneralMerchant", "level": "INFO", "name": "merchant-service", "time": "2020-05-23T00:55:40.540275", "request": "merchantID: \"230-34\"\n"}
{"message": "Listening on localhost:3005", "level": "INFO", "name": "merchant-service", "time": "2020-05-23T00:58:49.587400"}
{"message": "Called DeleteGeneralMerchant", "level": "INFO", "name": "merchant-service", "time": "2020-05-23T00:58:51.784728", "request": "merchantID: \"230-34\"\n"}
{"message": "Listening on localhost:3005", "level": "INFO", "name": "merchant-service", "time": "2020-05-23T01:06:31.205130"}
{"message": "Listening on localhost:3005", "level": "INFO", "name": "merchant-service", "time": "2020-05-23T01:07:57.328694"}
{"message": "Listening on localhost:3005", "level": "INFO", "name": "merchant-service", "time": "2020-05-23T01:09:10.696191"}
{"message": "Listening on localhost:3005", "level": "INFO", "name": "merchant-service", "time": "2020-05-23T01:11:43.772957"}
{"message": "Listening on localhost:3005", "level": "INFO", "name": "merchant-service", "time": "2020-05-23T01:12:27.003025"}
{"message": "Called DeleteGeneralMerchant", "level": "INFO", "name": "merchant-service", "time": "2020-05-23T01:12:29.220945", "request": "merchantID: \"230-34\"\n"}
{"message": "Listening on localhost:3005", "level": "INFO", "name": "merchant-service", "time": "2020-05-23T01:20:36.672613"}
{"message": "Called DeleteGeneralMerchant", "level": "INFO", "name": "merchant-service", "time": "2020-05-23T01:20:39.171861", "request": "merchantID: \"230-34\"\n"}
{"message": "Listening on localhost:3005", "level": "INFO", "name": "merchant-service", "time": "2020-05-24T00:19:49.472401"}
{"message": "Called DeleteGeneralMerchant", "level": "INFO", "name": "merchant-service", "time": "2020-05-24T00:20:18.319711", "request": "merchantID: \"230-34\"\n"}
{"message": "Called DeleteGeneralMerchant", "level": "INFO", "name": "merchant-service", "time": "2020-05-24T00:22:06.562050", "request": "merchantID: \"230-34\"\n"}
{"message": "Called DeleteGeneralMerchant", "level": "INFO", "name": "merchant-service", "time": "2020-05-24T00:23:52.532529", "request": "merchantID: \"230-34\"\n"}
{"message": "Called DeleteGeneralMerchant", "level": "INFO", "name": "merchant-service", "time": "2020-05-24T00:24:14.557990", "request": "merchantID: \"230-34\"\n"}
{"message": "Called DeleteGeneralMerchant", "level": "INFO", "name": "merchant-service", "time": "2020-05-24T00:24:22.836956", "request": "merchantID: \"230-34\"\n"}
{"message": "Called DeleteGeneralMerchant", "level": "INFO", "name": "merchant-service", "time": "2020-05-24T00:33:05.295881", "request": "merchantID: \"2\"\n"}
{"message": "Called DeleteGeneralMerchant", "level": "INFO", "name": "merchant-service", "time": "2020-05-24T00:33:50.229795", "request": "merchantID: \"2\"\n"}
{"message": "Listening on localhost:3005", "level": "INFO", "name": "merchant-service", "time": "2020-05-24T00:34:23.745908"}
{"message": "Called DeleteGeneralMerchant", "level": "INFO", "name": "merchant-service", "time": "2020-05-24T00:34:29.399106", "request": ""}
{"message": "Called DeleteGeneralMerchant", "level": "INFO", "name": "merchant-service", "time": "2020-05-24T00:35:39.150887", "request": "merchantID: \"2\"\n"}
{"message": "Called DeleteGeneralMerchant", "level": "INFO", "name": "merchant-service", "time": "2020-05-24T00:35:50.140505", "request": "merchantID: \"2\"\n"}
{"message": "Called DeleteGeneralMerchant", "level": "INFO", "name": "merchant-service", "time": "2020-05-24T00:38:34.923334", "request": "merchantID: \"2\"\n"}
{"message": "Called DeleteGeneralMerchant", "level": "INFO", "name": "merchant-service", "time": "2020-05-24T00:39:05.032869", "request": "merchantID: \"2\"\n"}
{"message": "Called DeleteGeneralMerchant", "level": "INFO", "name": "merchant-service", "time": "2020-05-24T00:40:09.394256", "request": "merchantID: \"2\"\n"}
{"message": "Called DeleteGeneralMerchant", "level": "INFO", "name": "merchant-service", "time": "2020-05-24T00:53:15.919323", "request": "merchantID: \"2\"\n"}
{"message": "Called DeleteGeneralMerchant", "level": "INFO", "name": "merchant-service", "time": "2020-05-24T00:53:32.883164", "request": "merchantID: \"2\"\n"}
{"message": "Called DeleteGeneralMerchant", "level": "INFO", "name": "merchant-service", "time": "2020-05-24T00:53:47.437563", "request": "merchantID: \"2\"\n"}
{"message": "Called DeleteGeneralMerchant", "level": "INFO", "name": "merchant-service", "time": "2020-05-24T00:54:13.387291", "request": "merchantID: \"2\"\n"}
{"message": "Called DeleteGeneralMerchant", "level": "INFO", "name": "merchant-service", "time": "2020-05-24T01:22:23.686771", "request": "merchantID: \"2\"\n"}
{"message": "Called DeleteGeneralMerchant", "level": "INFO", "name": "merchant-service", "time": "2020-05-24T01:22:29.357802", "request": "merchantID: \"2\"\n"}
{"message": "Called DeleteGeneralMerchant", "level": "INFO", "name": "merchant-service", "time": "2020-05-24T02:22:06.248901", "request": ""}
{"message": "Listening on localhost:3005", "level": "INFO", "name": "merchant-service", "time": "2020-05-24T12:46:25.823701"}
{"message": "Called DeleteGeneralMerchant", "level": "INFO", "name": "merchant-service", "time": "2020-05-24T12:46:28.818206", "request": ""}
{"message": "Called DeleteGeneralMerchant", "level": "INFO", "name": "merchant-service", "time": "2020-05-24T12:47:09.395003", "request": ""}
{"message": "Called DeleteGeneralMerchant", "level": "INFO", "name": "merchant-service", "time": "2020-05-24T12:52:04.235430", "request": "merchantID: \"2jkjk\"\n"}
{"message": "Called DeleteGeneralMerchant", "level": "INFO", "name": "merchant-service", "time": "2020-05-24T12:52:37.086881", "request": "merchantID: \"2jkjk\"\n"}
{"message": "Called DeleteGeneralMerchant", "level": "INFO", "name": "merchant-service", "time": "2020-05-24T12:52:58.069373", "request": ""}
{"message": "Called DeleteGeneralMerchant", "level": "INFO", "name": "merchant-service", "time": "2020-05-24T13:04:34.205966", "request": "merchantID: \"2jkjk\"\n"}
{"message": "Called DeleteGeneralMerchant", "level": "INFO", "name": "merchant-service", "time": "2020-05-24T13:04:38.500894", "request": "merchantID: \"2jkjk\"\n"}
{"message": "Called DeleteGeneralMerchant", "level": "INFO", "name": "merchant-service", "time": "2020-05-24T13:07:04.377827", "request": "merchantID: \"2jkjk\"\n"}
{"message": "Called DeleteGeneralMerchant", "level": "INFO", "name": "merchant-service", "time": "2020-05-24T13:24:56.102584", "request": "merchantID: \"2jkjk\"\n"}
{"message": "Called DeleteGeneralMerchant", "level": "INFO", "name": "merchant-service", "time": "2020-05-24T13:48:16.298939", "request": "merchantID: \"2jkjk\"\n"}
{"message": "Called DeleteGeneralMerchant", "level": "INFO", "name": "merchant-service", "time": "2020-05-24T13:48:17.483978", "request": "merchantID: \"2jkjk\"\n"}
{"message": "Called DeleteGeneralMerchant", "level": "INFO", "name": "merchant-service", "time": "2020-05-24T14:25:31.452282", "request": "merchantID: \"2jhlk\"\n"}
{"message": "Called DeleteGeneralMerchant", "level": "INFO", "name": "merchant-service", "time": "2020-05-24T14:26:34.895105", "request": "merchantID: \"2jhlk\"\n"}
{"message": "Called DeleteGeneralMerchant", "level": "INFO", "name": "merchant-service", "time": "2020-05-24T14:45:52.849086", "request": "merchantID: \"2kjlk\"\n"}
{"message": "Called DeleteGeneralMerchant", "level": "INFO", "name": "merchant-service", "time": "2020-05-24T14:46:11.071517", "request": ""}
{"message": "Listening on localhost:3005", "level": "INFO", "name": "merchant-service", "time": "2020-05-24T17:59:09.009769"}
{"message": "Called DeleteGeneralMerchant", "level": "INFO", "name": "merchant-service", "time": "2020-05-24T18:01:53.351658", "request": "merchantID: \"2kjlk\"\n"}
{"message": "Called DeleteGeneralMerchant", "level": "INFO", "name": "merchant-service", "time": "2020-05-24T18:01:58.056308", "request": ""}
{"message": "Called DeleteGeneralMerchant", "level": "INFO", "name": "merchant-service", "time": "2020-05-24T18:40:28.143965", "request": "merchantID: \"2fadaf\"\n"}
{"message": "Called DeleteGeneralMerchant", "level": "INFO", "name": "merchant-service", "time": "2020-05-24T18:40:43.859764", "request": "merchantID: \"2fadaf\"\n"}
{"message": "Called DeleteGeneralMerchant", "level": "INFO", "name": "merchant-service", "time": "2020-05-24T18:40:50.770975", "request": "merchantID: \"2fadaf\"\n"}
{"message": "Called DeleteGeneralMerchant", "level": "INFO", "name": "merchant-service", "time": "2020-05-24T18:41:10.542227", "request": "merchantID: \"2fadaf\"\n"}
{"message": "Called DeleteGeneralMerchant", "level": "INFO", "name": "merchant-service", "time": "2020-05-24T18:41:15.484866", "request": "merchantID: \"2fadaf\"\n"}
{"message": "Called DeleteGeneralMerchant", "level": "INFO", "name": "merchant-service", "time": "2020-05-24T18:41:19.492730", "request": "merchantID: \"2fadaf\"\n"}
{"message": "Called DeleteGeneralMerchant", "level": "INFO", "name": "merchant-service", "time": "2020-05-24T18:41:27.547607", "request": "merchantID: \"2fadaf\"\n"}
{"message": "Called DeleteGeneralMerchant", "level": "INFO", "name": "merchant-service", "time": "2020-05-24T18:46:18.593335", "request": "merchantID: \"2fadaf\"\n"}
{"message": "Called DeleteGeneralMerchant", "level": "INFO", "name": "merchant-service", "time": "2020-05-24T18:46:26.280751", "request": "merchantID: \"2fadaf\"\n"}
{"message": "Called DeleteGeneralMerchant", "level": "INFO", "name": "merchant-service", "time": "2020-05-24T19:02:34.640233", "request": ""}
{"message": "Called DeleteGeneralMerchant", "level": "INFO", "name": "merchant-service", "time": "2020-05-24T19:02:37.308177", "request": ""}
{"message": "Called DeleteGeneralMerchant", "level": "INFO", "name": "merchant-service", "time": "2020-05-24T19:02:53.510445", "request": ""}
{"message": "Called DeleteGeneralMerchant", "level": "INFO", "name": "merchant-service", "time": "2020-05-24T19:03:09.890474", "request": ""}
{"message": "Called DeleteGeneralMerchant", "level": "INFO", "name": "merchant-service", "time": "2020-05-24T19:03:26.023094", "request": ""}
{"message": "Called DeleteGeneralMerchant", "level": "INFO", "name": "merchant-service", "time": "2020-05-24T19:03:37.162316", "request": ""}
{"message": "Called DeleteGeneralMerchant", "level": "INFO", "name": "merchant-service", "time": "2020-05-24T19:27:28.994952", "request": ""}
{"message": "Called DeleteGeneralMerchant", "level": "INFO", "name": "merchant-service", "time": "2020-05-24T19:27:39.338314", "request": ""}
{"message": "Called DeleteGeneralMerchant", "level": "INFO", "name": "merchant-service", "time": "2020-05-24T19:27:52.792763", "request": ""}
{"message": "Called DeleteGeneralMerchant", "level": "INFO", "name": "merchant-service", "time": "2020-05-24T19:29:29.354550", "request": ""}
{"message": "Called DeleteGeneralMerchant", "level": "INFO", "name": "merchant-service", "time": "2020-05-24T19:29:51.394249", "request": ""}
{"message": "Called DeleteGeneralMerchant", "level": "INFO", "name": "merchant-service", "time": "2020-05-24T19:41:50.510296", "request": ""}
{"message": "Listening on localhost:3005", "level": "INFO", "name": "merchant-service", "time": "2020-05-24T19:46:38.642465"}
{"message": "Listening on localhost:3005", "level": "INFO", "name": "merchant-service", "time": "2020-05-24T19:47:13.218170"}
{"message": "Called GetPartnerMerchant", "level": "INFO", "name": "merchant-service", "time": "2020-05-24T19:47:27.685367", "request": ""}
{"message": "Listening on localhost:3005", "level": "INFO", "name": "merchant-service", "time": "2020-05-24T19:49:02.732680"}
{"message": "Called GetPartnerMerchant", "level": "INFO", "name": "merchant-service", "time": "2020-05-24T19:49:08.183540", "request": ""}
{"message": "Listening on localhost:3005", "level": "INFO", "name": "merchant-service", "time": "2020-05-24T19:49:52.905918"}
{"message": "Listening on localhost:3005", "level": "INFO", "name": "merchant-service", "time": "2020-05-24T21:28:57.777838"}
{"message": "Called GetPartnerMerchant", "level": "INFO", "name": "merchant-service", "time": "2020-05-24T21:31:11.828734", "request": ""}
{"message": "Called GetPartnerMerchant", "level": "INFO", "name": "merchant-service", "time": "2020-05-24T21:36:13.642299", "request": ""}
{"message": "Called GetPartnerMerchant", "level": "INFO", "name": "merchant-service", "time": "2020-05-24T21:37:14.674056", "request": "merchantID: \"4lkjk\"\n"}
{"message": "Called GetPartnerMerchant", "level": "INFO", "name": "merchant-service", "time": "2020-05-24T21:37:33.905543", "request": "merchantID: \"4lkjk\"\n"}
{"message": "Called GetPartnerMerchant", "level": "INFO", "name": "merchant-service", "time": "2020-05-24T21:39:28.903555", "request": "merchantID: \"4lkjk\"\n"}
{"message": "Called GetPartnerMerchant", "level": "INFO", "name": "merchant-service", "time": "2020-05-24T21:41:19.760620", "request": "merchantID: \"4lkjk\"\n"}
{"message": "Called GetGeneralMerchant", "level": "INFO", "name": "merchant-service", "time": "2020-05-24T21:41:52.480942", "request": "merchantID: \"23034\"\n"}
{"message": "Called GetGeneralMerchant", "level": "INFO", "name": "merchant-service", "time": "2020-05-24T21:42:07.402047", "request": "merchantID: \"23034\"\n"}
{"message": "Called GetGeneralMerchant", "level": "INFO", "name": "merchant-service", "time": "2020-05-24T21:42:47.069988", "request": "merchantID: \"23034\"\n"}
{"message": "Called GetGeneralMerchant", "level": "INFO", "name": "merchant-service", "time": "2020-05-24T21:42:57.557671", "request": "merchantID: \"23034\"\n"}
{"message": "Called GetGeneralMerchant", "level": "INFO", "name": "merchant-service", "time": "2020-05-24T21:44:48.924143", "request": "merchantID: \"23034\"\n"}
{"message": "Called GetGeneralMerchant", "level": "INFO", "name": "merchant-service", "time": "2020-05-24T21:48:25.824800", "request": "merchantID: \"23034\"\n"}
{"message": "Called GetPartnerMerchant", "level": "INFO", "name": "merchant-service", "time": "2020-05-24T21:49:23.639187", "request": "merchantID: \"4lkj\"\n"}
{"message": "Called GetPartnerMerchant", "level": "INFO", "name": "merchant-service", "time": "2020-05-24T21:55:56.083108", "request": "merchantID: \"4lkj\"\n"}
{"message": "Called GetPartnerMerchant", "level": "INFO", "name": "merchant-service", "time": "2020-05-24T22:48:00.658349", "request": "merchantID: \"4lkj\"\n"}
{"message": "Called GetPartnerMerchant", "level": "INFO", "name": "merchant-service", "time": "2020-05-24T22:48:08.419922", "request": "merchantID: \"4lkj\"\n"}
{"message": "Called GetPartnerMerchant", "level": "INFO", "name": "merchant-service", "time": "2020-05-24T23:07:41.598123", "request": "merchantID: \"4lkj\"\n"}
{"message": "Called CreatePartnerMerchant", "level": "INFO", "name": "merchant-service", "time": "2020-05-24T23:32:22.888046", "request": ""}
{"message": "Called CreatePartnerMerchant", "level": "INFO", "name": "merchant-service", "time": "2020-05-24T23:33:43.946446", "request": ""}
{"message": "Listening on localhost:3005", "level": "INFO", "name": "merchant-service", "time": "2020-05-25T00:09:09.734697"}
{"message": "Called CreatePartnerMerchant", "level": "INFO", "name": "merchant-service", "time": "2020-05-25T01:31:12.984573", "request": ""}
{"message": "Called CreatePartnerMerchant", "level": "INFO", "name": "merchant-service", "time": "2020-05-25T01:39:41.803051", "request": ""}
{"message": "Called CreatePartnerMerchant", "level": "INFO", "name": "merchant-service", "time": "2020-05-25T01:54:39.048119", "request": ""}
{"message": "Called CreatePartnerMerchant", "level": "INFO", "name": "merchant-service", "time": "2020-05-25T01:55:33.913641", "request": ""}
{"message": "Called CreatePartnerMerchant", "level": "INFO", "name": "merchant-service", "time": "2020-05-25T03:23:43.330963", "request": ""}
{"message": "Called CreatePartnerMerchant", "level": "INFO", "name": "merchant-service", "time": "2020-05-25T03:26:56.547152", "request": ""}
{"message": "Listening on localhost:3005", "level": "INFO", "name": "merchant-service", "time": "2020-05-27T00:41:44.348887"}
{"message": "Listening on localhost:3005", "level": "INFO", "name": "merchant-service", "time": "2020-05-27T00:42:58.274551"}
{"message": "Listening on localhost:3005", "level": "INFO", "name": "merchant-service", "time": "2020-06-04T11:35:15.055430"}
{"message": "Listening on localhost:3005", "level": "INFO", "name": "merchant-service", "time": "2020-06-04T11:42:31.575319"}
{"message": "Listening on localhost:3005", "level": "INFO", "name": "merchant-service", "time": "2020-06-04T11:56:05.775274"}
{"message": "Listening on localhost:3005", "level": "INFO", "name": "merchant-service", "time": "2020-06-04T12:01:00.443143"}
{"message": "Listening on localhost:3005", "level": "INFO", "name": "merchant-service", "time": "2020-06-04T12:01:55.255075"}
{"message": "Listening on localhost:3005", "level": "INFO", "name": "merchant-service", "time": "2020-06-04T12:25:24.705327"}
{"message": "Called GetPartnerMerchant", "level": "INFO", "name": "merchant-service", "time": "2020-06-04T12:41:55.835529", "request": "merchantID: \"2klkj\"\n"}
{"message": "Listening on localhost:3005", "level": "INFO", "name": "merchant-service", "time": "2020-06-04T12:42:35.653661"}
{"message": "Called GetPartnerMerchant", "level": "INFO", "name": "merchant-service", "time": "2020-06-04T12:42:38.219553", "request": "merchantID: \"2klkj\"\n"}
{"message": "Listening on localhost:3005", "level": "INFO", "name": "merchant-service", "time": "2020-06-04T12:43:13.087515"}
{"message": "Called GetGeneralMerchant", "level": "INFO", "name": "merchant-service", "time": "2020-06-04T12:43:22.430867", "request": "merchantID: \"23034\"\n"}
{"message": "Error in call to GetGeneralMerchant: TypeError(\"__init__() missing 1 required positional argument: 'self'\")", "level": "ERROR", "name": "merchant-service", "time": "2020-06-04T12:43:22.472709", "request": "merchantID: \"23034\"\n", "rollbar_uuid": "66e7a2a3-0e1d-45c9-b1a2-f43fbd9fcb63", "traceback": "Traceback (most recent call last):\n  File \"/Users/noah/Otis/backend/service/lib/utils/wrappers.py\", line 17, in wrap\n    return_value = func(*args, **kwargs)\n  File \"./impl/__init__.py\", line 39, in GetGeneralMerchant\n    m = Merchant()\n  File \"<string>\", line 4, in __init__\n  File \"/Users/noah/Otis/backend/service/merchant/merchant-service-venv/lib/python3.7/site-packages/sqlalchemy/orm/state.py\", line 433, in _initialize_instance\n    manager.dispatch.init_failure(self, args, kwargs)\n  File \"/Users/noah/Otis/backend/service/merchant/merchant-service-venv/lib/python3.7/site-packages/sqlalchemy/util/langhelpers.py\", line 69, in __exit__\n    exc_value, with_traceback=exc_tb,\n  File \"/Users/noah/Otis/backend/service/merchant/merchant-service-venv/lib/python3.7/site-packages/sqlalchemy/util/compat.py\", line 178, in raise_\n    raise exception\n  File \"/Users/noah/Otis/backend/service/merchant/merchant-service-venv/lib/python3.7/site-packages/sqlalchemy/orm/state.py\", line 430, in _initialize_instance\n    return manager.original_init(*mixed[1:], **kwargs)\n  File \"/Users/noah/Otis/backend/service/lib/psql/schemas/merchant.py\", line 16, in __init__\n    AddressMixin.__init__(nullable=False)\nTypeError: __init__() missing 1 required positional argument: 'self'\n"}
{"message": "Called GetGeneralMerchant", "level": "INFO", "name": "merchant-service", "time": "2020-06-04T12:43:50.444768", "request": "merchantID: \"23034\"\n"}
{"message": "Error in call to GetGeneralMerchant: TypeError(\"__init__() missing 1 required positional argument: 'self'\")", "level": "ERROR", "name": "merchant-service", "time": "2020-06-04T12:43:50.470992", "request": "merchantID: \"23034\"\n", "rollbar_uuid": "4921c5bc-1ef6-49f9-b8a2-2d693b3f833d", "traceback": "Traceback (most recent call last):\n  File \"/Users/noah/Otis/backend/service/lib/utils/wrappers.py\", line 17, in wrap\n    return_value = func(*args, **kwargs)\n  File \"./impl/__init__.py\", line 39, in GetGeneralMerchant\n    m = Merchant()\n  File \"<string>\", line 4, in __init__\n  File \"/Users/noah/Otis/backend/service/merchant/merchant-service-venv/lib/python3.7/site-packages/sqlalchemy/orm/state.py\", line 433, in _initialize_instance\n    manager.dispatch.init_failure(self, args, kwargs)\n  File \"/Users/noah/Otis/backend/service/merchant/merchant-service-venv/lib/python3.7/site-packages/sqlalchemy/util/langhelpers.py\", line 69, in __exit__\n    exc_value, with_traceback=exc_tb,\n  File \"/Users/noah/Otis/backend/service/merchant/merchant-service-venv/lib/python3.7/site-packages/sqlalchemy/util/compat.py\", line 178, in raise_\n    raise exception\n  File \"/Users/noah/Otis/backend/service/merchant/merchant-service-venv/lib/python3.7/site-packages/sqlalchemy/orm/state.py\", line 430, in _initialize_instance\n    return manager.original_init(*mixed[1:], **kwargs)\n  File \"/Users/noah/Otis/backend/service/lib/psql/schemas/merchant.py\", line 16, in __init__\n    AddressMixin.__init__(nullable=False)\nTypeError: __init__() missing 1 required positional argument: 'self'\n"}
{"message": "Listening on localhost:3005", "level": "INFO", "name": "merchant-service", "time": "2020-06-04T12:44:54.580438"}
{"message": "Called GetGeneralMerchant", "level": "INFO", "name": "merchant-service", "time": "2020-06-04T12:44:57.544853", "request": "merchantID: \"23034\"\n"}
{"message": "Listening on localhost:3005", "level": "INFO", "name": "merchant-service", "time": "2020-06-04T12:49:37.233728"}
{"message": "Listening on localhost:3005", "level": "INFO", "name": "merchant-service", "time": "2020-06-04T12:49:51.971524"}
{"message": "Called GetGeneralMerchant", "level": "INFO", "name": "merchant-service", "time": "2020-06-04T12:49:55.405773", "request": "merchantID: \"23034\"\n"}
{"message": "Error in call to GetGeneralMerchant: TypeError(\"__init__() got an unexpected keyword argument 'name'\")", "level": "ERROR", "name": "merchant-service", "time": "2020-06-04T12:49:55.421884", "request": "merchantID: \"23034\"\n", "rollbar_uuid": "015140de-32f4-47a3-be8a-531f632f990a", "traceback": "Traceback (most recent call last):\n  File \"/Users/noah/Otis/backend/service/lib/utils/wrappers.py\", line 17, in wrap\n    return_value = func(*args, **kwargs)\n  File \"./impl/__init__.py\", line 38, in GetGeneralMerchant\n    m = Merchant(name='hjkl')\nTypeError: __init__() got an unexpected keyword argument 'name'\n"}
{"message": "Listening on localhost:3005", "level": "INFO", "name": "merchant-service", "time": "2020-06-04T13:27:25.238786"}
{"message": "Called GetGeneralMerchant", "level": "INFO", "name": "merchant-service", "time": "2020-06-04T13:27:30.396516", "request": "merchantID: \"23034\"\n"}
{"message": "Listening on localhost:3005", "level": "INFO", "name": "merchant-service", "time": "2020-06-04T13:28:40.962906"}
{"message": "Called GetGeneralMerchant", "level": "INFO", "name": "merchant-service", "time": "2020-06-04T13:28:43.235490", "request": "merchantID: \"23034\"\n"}
{"message": "Error in call to GetGeneralMerchant: TypeError(\"__init__() got an unexpected keyword argument 'name'\")", "level": "ERROR", "name": "merchant-service", "time": "2020-06-04T13:28:43.251944", "request": "merchantID: \"23034\"\n", "rollbar_uuid": "61c0f52a-9099-4596-bf1c-ebef653dc3a3", "traceback": "Traceback (most recent call last):\n  File \"/Users/noah/Otis/backend/service/lib/utils/wrappers.py\", line 17, in wrap\n    return_value = func(*args, **kwargs)\n  File \"./impl/__init__.py\", line 38, in GetGeneralMerchant\n    m = Merchant(name='hjkl')\nTypeError: __init__() got an unexpected keyword argument 'name'\n"}
{"message": "Listening on localhost:3005", "level": "INFO", "name": "merchant-service", "time": "2020-06-04T13:29:20.584164"}
{"message": "Called GetGeneralMerchant", "level": "INFO", "name": "merchant-service", "time": "2020-06-04T13:29:24.555368", "request": "merchantID: \"23034\"\n"}
{"message": "Listening on localhost:3005", "level": "INFO", "name": "merchant-service", "time": "2020-06-04T13:33:28.550040"}
{"message": "Called GetGeneralMerchant", "level": "INFO", "name": "merchant-service", "time": "2020-06-04T13:33:31.018342", "request": "merchantID: \"23034\"\n"}
{"message": "Listening on localhost:3005", "level": "INFO", "name": "merchant-service", "time": "2020-06-04T13:35:22.911974"}
{"message": "Called GetGeneralMerchant", "level": "INFO", "name": "merchant-service", "time": "2020-06-04T13:35:24.749571", "request": "merchantID: \"23034\"\n"}
{"message": "Error in call to GetGeneralMerchant: AttributeError(\"'Merchant' object has no attribute 'info'\")", "level": "ERROR", "name": "merchant-service", "time": "2020-06-04T13:35:24.768599", "request": "merchantID: \"23034\"\n", "rollbar_uuid": "749f5f7a-fea0-4126-a8e6-4c6b988f2c79", "traceback": "Traceback (most recent call last):\n  File \"/Users/noah/Otis/backend/service/lib/utils/wrappers.py\", line 17, in wrap\n    return_value = func(*args, **kwargs)\n  File \"./impl/__init__.py\", line 39, in GetGeneralMerchant\n    print(m.info)\nAttributeError: 'Merchant' object has no attribute 'info'\n"}
{"message": "Listening on localhost:3005", "level": "INFO", "name": "merchant-service", "time": "2020-06-04T13:36:05.742171"}
{"message": "Called GetGeneralMerchant", "level": "INFO", "name": "merchant-service", "time": "2020-06-04T13:36:08.778082", "request": "merchantID: \"23034\"\n"}
{"message": "Error in call to GetGeneralMerchant: AttributeError(\"'Merchant' object has no attribute 'columns'\")", "level": "ERROR", "name": "merchant-service", "time": "2020-06-04T13:36:08.796600", "request": "merchantID: \"23034\"\n", "rollbar_uuid": "d2cd1207-cde7-4f1d-87d2-49b6a925698b", "traceback": "Traceback (most recent call last):\n  File \"/Users/noah/Otis/backend/service/lib/utils/wrappers.py\", line 17, in wrap\n    return_value = func(*args, **kwargs)\n  File \"./impl/__init__.py\", line 39, in GetGeneralMerchant\n    print(m.columns)\nAttributeError: 'Merchant' object has no attribute 'columns'\n"}
{"message": "Listening on localhost:3005", "level": "INFO", "name": "merchant-service", "time": "2020-06-04T13:36:50.312507"}
{"message": "Called GetGeneralMerchant", "level": "INFO", "name": "merchant-service", "time": "2020-06-04T13:36:53.535527", "request": "merchantID: \"23034\"\n"}
{"message": "Listening on localhost:3005", "level": "INFO", "name": "merchant-service", "time": "2020-06-04T13:37:12.549494"}
{"message": "Called GetGeneralMerchant", "level": "INFO", "name": "merchant-service", "time": "2020-06-04T13:37:14.293084", "request": "merchantID: \"23034\"\n"}
{"message": "Error in call to GetGeneralMerchant: AttributeError(\"type object 'Base' has no attribute 'columns'\")", "level": "ERROR", "name": "merchant-service", "time": "2020-06-04T13:37:14.350258", "request": "merchantID: \"23034\"\n", "rollbar_uuid": "aa8aff09-e168-4ca7-9085-ff01160c7bf2", "traceback": "Traceback (most recent call last):\n  File \"/Users/noah/Otis/backend/service/lib/utils/wrappers.py\", line 17, in wrap\n    return_value = func(*args, **kwargs)\n  File \"./impl/__init__.py\", line 39, in GetGeneralMerchant\n    print(MerchantBase.columns)\nAttributeError: type object 'Base' has no attribute 'columns'\n"}
{"message": "Listening on localhost:3005", "level": "INFO", "name": "merchant-service", "time": "2020-06-04T13:54:05.880313"}
{"message": "Called GetGeneralMerchant", "level": "INFO", "name": "merchant-service", "time": "2020-06-04T13:54:07.876372", "request": "merchantID: \"23034\"\n"}
{"message": "Error in call to GetGeneralMerchant: AttributeError(\"type object 'Base' has no attribute '__table__'\")", "level": "ERROR", "name": "merchant-service", "time": "2020-06-04T13:54:07.892764", "request": "merchantID: \"23034\"\n", "rollbar_uuid": "359a9405-bb0f-4c67-8454-f5ec3a095eac", "traceback": "Traceback (most recent call last):\n  File \"/Users/noah/Otis/backend/service/lib/utils/wrappers.py\", line 17, in wrap\n    return_value = func(*args, **kwargs)\n  File \"./impl/__init__.py\", line 39, in GetGeneralMerchant\n    print(MerchantBase.__table__)\nAttributeError: type object 'Base' has no attribute '__table__'\n"}
{"message": "Listening on localhost:3005", "level": "INFO", "name": "merchant-service", "time": "2020-06-04T13:54:21.544826"}
{"message": "Called GetGeneralMerchant", "level": "INFO", "name": "merchant-service", "time": "2020-06-04T13:54:23.748222", "request": "merchantID: \"23034\"\n"}
{"message": "Listening on localhost:3005", "level": "INFO", "name": "merchant-service", "time": "2020-06-04T13:55:25.433477"}
{"message": "Called GetGeneralMerchant", "level": "INFO", "name": "merchant-service", "time": "2020-06-04T13:55:28.016971", "request": "merchantID: \"23034\"\n"}
{"message": "Listening on localhost:3005", "level": "INFO", "name": "merchant-service", "time": "2020-06-04T13:55:46.941372"}
{"message": "Called GetGeneralMerchant", "level": "INFO", "name": "merchant-service", "time": "2020-06-04T13:55:49.213870", "request": "merchantID: \"23034\"\n"}
{"message": "Listening on localhost:3005", "level": "INFO", "name": "merchant-service", "time": "2020-06-04T13:57:12.956870"}
{"message": "Called GetGeneralMerchant", "level": "INFO", "name": "merchant-service", "time": "2020-06-04T13:57:15.711791", "request": "merchantID: \"23034\"\n"}
{"message": "Listening on localhost:3005", "level": "INFO", "name": "merchant-service", "time": "2020-06-04T13:57:51.431597"}
{"message": "Called GetGeneralMerchant", "level": "INFO", "name": "merchant-service", "time": "2020-06-04T13:57:52.958477", "request": "merchantID: \"23034\"\n"}
{"message": "Listening on localhost:3005", "level": "INFO", "name": "merchant-service", "time": "2020-06-04T13:57:58.500018"}
{"message": "Called GetGeneralMerchant", "level": "INFO", "name": "merchant-service", "time": "2020-06-04T13:58:00.674688", "request": "merchantID: \"23034\"\n"}
{"message": "Listening on localhost:3005", "level": "INFO", "name": "merchant-service", "time": "2020-06-04T13:58:18.322007"}
{"message": "Called GetGeneralMerchant", "level": "INFO", "name": "merchant-service", "time": "2020-06-04T13:58:20.170058", "request": "merchantID: \"23034\"\n"}
{"message": "Listening on localhost:3005", "level": "INFO", "name": "merchant-service", "time": "2020-06-04T14:05:05.037532"}
{"message": "Called GetGeneralMerchant", "level": "INFO", "name": "merchant-service", "time": "2020-06-04T14:05:07.361393", "request": "merchantID: \"23034\"\n"}
{"message": "Listening on localhost:3005", "level": "INFO", "name": "merchant-service", "time": "2020-06-04T14:06:26.635150"}
{"message": "Listening on localhost:3005", "level": "INFO", "name": "merchant-service", "time": "2020-06-04T14:06:37.417520"}
{"message": "Called GetGeneralMerchant", "level": "INFO", "name": "merchant-service", "time": "2020-06-04T14:06:39.223473", "request": "merchantID: \"23034\"\n"}
{"message": "Error in call to GetGeneralMerchant: UnboundExecutionError('MetaData object is not bound to an Engine or Connection.  Execution can not proceed without a database to execute against.')", "level": "ERROR", "name": "merchant-service", "time": "2020-06-04T14:06:39.271586", "request": "merchantID: \"23034\"\n", "rollbar_uuid": "698fd7ac-f251-4fb6-ae67-c693c3de0fe4", "traceback": "Traceback (most recent call last):\n  File \"/Users/noah/Otis/backend/service/lib/utils/wrappers.py\", line 17, in wrap\n    return_value = func(*args, **kwargs)\n  File \"./impl/__init__.py\", line 39, in GetGeneralMerchant\n    print(Merchant.metadata.create_all())\n  File \"/Users/noah/Otis/backend/service/merchant/merchant-service-venv/lib/python3.7/site-packages/sqlalchemy/sql/schema.py\", line 4463, in create_all\n    bind = _bind_or_error(self)\n  File \"/Users/noah/Otis/backend/service/merchant/merchant-service-venv/lib/python3.7/site-packages/sqlalchemy/sql/base.py\", line 676, in _bind_or_error\n    raise exc.UnboundExecutionError(msg)\nsqlalchemy.exc.UnboundExecutionError: MetaData object is not bound to an Engine or Connection.  Execution can not proceed without a database to execute against.\n"}
{"message": "Listening on localhost:3005", "level": "INFO", "name": "merchant-service", "time": "2020-06-04T14:13:40.873412"}
{"message": "Called GetGeneralMerchant", "level": "INFO", "name": "merchant-service", "time": "2020-06-04T14:13:42.954028", "request": "merchantID: \"23034\"\n"}
{"message": "Error in call to GetGeneralMerchant: CompileError(\"(in table 'merchants', column 'created_at'): Can't generate DDL for NullType(); did you forget to specify a type on this Column?\")", "level": "ERROR", "name": "merchant-service", "time": "2020-06-04T14:13:43.044009", "request": "merchantID: \"23034\"\n", "rollbar_uuid": "2adb3211-5863-42f7-88fa-d41bcdc4db32", "traceback": "Traceback (most recent call last):\n  File \"/Users/noah/Otis/backend/service/merchant/merchant-service-venv/lib/python3.7/site-packages/sqlalchemy/sql/compiler.py\", line 2897, in visit_create_table\n    create_column, first_pk=column.primary_key and not first_pk\n  File \"/Users/noah/Otis/backend/service/merchant/merchant-service-venv/lib/python3.7/site-packages/sqlalchemy/sql/compiler.py\", line 350, in process\n    return obj._compiler_dispatch(self, **kwargs)\n  File \"/Users/noah/Otis/backend/service/merchant/merchant-service-venv/lib/python3.7/site-packages/sqlalchemy/sql/visitors.py\", line 95, in _compiler_dispatch\n    return meth(self, **kw)\n  File \"/Users/noah/Otis/backend/service/merchant/merchant-service-venv/lib/python3.7/site-packages/sqlalchemy/sql/compiler.py\", line 2930, in visit_create_column\n    text = self.get_column_specification(column, first_pk=first_pk)\n  File \"/Users/noah/Otis/backend/service/merchant/merchant-service-venv/lib/python3.7/site-packages/sqlalchemy/dialects/postgresql/base.py\", line 1937, in get_column_specification\n    identifier_preparer=self.preparer,\n  File \"/Users/noah/Otis/backend/service/merchant/merchant-service-venv/lib/python3.7/site-packages/sqlalchemy/sql/compiler.py\", line 400, in process\n    return type_._compiler_dispatch(self, **kw)\n  File \"/Users/noah/Otis/backend/service/merchant/merchant-service-venv/lib/python3.7/site-packages/sqlalchemy/sql/visitors.py\", line 95, in _compiler_dispatch\n    return meth(self, **kw)\n  File \"/Users/noah/Otis/backend/service/merchant/merchant-service-venv/lib/python3.7/site-packages/sqlalchemy/sql/compiler.py\", line 3436, in visit_null\n    \"type on this Column?\" % type_\nsqlalchemy.exc.CompileError: Can't generate DDL for NullType(); did you forget to specify a type on this Column?\n\nThe above exception was the direct cause of the following exception:\n\nTraceback (most recent call last):\n  File \"/Users/noah/Otis/backend/service/lib/utils/wrappers.py\", line 17, in wrap\n    return_value = func(*args, **kwargs)\n  File \"./impl/__init__.py\", line 42, in GetGeneralMerchant\n    print(CreateTable(Merchant.__table__).compile(dialect=postgresql.dialect()))\n  File \"<string>\", line 1, in <lambda>\n  File \"/Users/noah/Otis/backend/service/merchant/merchant-service-venv/lib/python3.7/site-packages/sqlalchemy/sql/elements.py\", line 476, in compile\n    return self._compiler(dialect, bind=bind, **kw)\n  File \"/Users/noah/Otis/backend/service/merchant/merchant-service-venv/lib/python3.7/site-packages/sqlalchemy/sql/ddl.py\", line 29, in _compiler\n    return dialect.ddl_compiler(dialect, self, **kw)\n  File \"/Users/noah/Otis/backend/service/merchant/merchant-service-venv/lib/python3.7/site-packages/sqlalchemy/sql/compiler.py\", line 319, in __init__\n    self.string = self.process(self.statement, **compile_kwargs)\n  File \"/Users/noah/Otis/backend/service/merchant/merchant-service-venv/lib/python3.7/site-packages/sqlalchemy/sql/compiler.py\", line 350, in process\n    return obj._compiler_dispatch(self, **kwargs)\n  File \"/Users/noah/Otis/backend/service/merchant/merchant-service-venv/lib/python3.7/site-packages/sqlalchemy/sql/visitors.py\", line 95, in _compiler_dispatch\n    return meth(self, **kw)\n  File \"/Users/noah/Otis/backend/service/merchant/merchant-service-venv/lib/python3.7/site-packages/sqlalchemy/sql/compiler.py\", line 2911, in visit_create_table\n    from_=ce,\n  File \"/Users/noah/Otis/backend/service/merchant/merchant-service-venv/lib/python3.7/site-packages/sqlalchemy/util/compat.py\", line 178, in raise_\n    raise exception\nsqlalchemy.exc.CompileError: (in table 'merchants', column 'created_at'): Can't generate DDL for NullType(); did you forget to specify a type on this Column?\n"}
{"message": "Listening on localhost:3005", "level": "INFO", "name": "merchant-service", "time": "2020-06-04T14:15:23.194238"}
{"message": "Called GetGeneralMerchant", "level": "INFO", "name": "merchant-service", "time": "2020-06-04T14:15:25.987984", "request": "merchantID: \"23034\"\n"}
{"message": "Error in call to GetGeneralMerchant: CompileError(\"(in table 'merchants', column 'created_at'): Can't generate DDL for NullType(); did you forget to specify a type on this Column?\")", "level": "ERROR", "name": "merchant-service", "time": "2020-06-04T14:15:26.074580", "request": "merchantID: \"23034\"\n", "rollbar_uuid": "6d611adf-423a-48da-bd03-2a45894db2ef", "traceback": "Traceback (most recent call last):\n  File \"/Users/noah/Otis/backend/service/merchant/merchant-service-venv/lib/python3.7/site-packages/sqlalchemy/sql/compiler.py\", line 2897, in visit_create_table\n    create_column, first_pk=column.primary_key and not first_pk\n  File \"/Users/noah/Otis/backend/service/merchant/merchant-service-venv/lib/python3.7/site-packages/sqlalchemy/sql/compiler.py\", line 350, in process\n    return obj._compiler_dispatch(self, **kwargs)\n  File \"/Users/noah/Otis/backend/service/merchant/merchant-service-venv/lib/python3.7/site-packages/sqlalchemy/sql/visitors.py\", line 95, in _compiler_dispatch\n    return meth(self, **kw)\n  File \"/Users/noah/Otis/backend/service/merchant/merchant-service-venv/lib/python3.7/site-packages/sqlalchemy/sql/compiler.py\", line 2930, in visit_create_column\n    text = self.get_column_specification(column, first_pk=first_pk)\n  File \"/Users/noah/Otis/backend/service/merchant/merchant-service-venv/lib/python3.7/site-packages/sqlalchemy/dialects/postgresql/base.py\", line 1937, in get_column_specification\n    identifier_preparer=self.preparer,\n  File \"/Users/noah/Otis/backend/service/merchant/merchant-service-venv/lib/python3.7/site-packages/sqlalchemy/sql/compiler.py\", line 400, in process\n    return type_._compiler_dispatch(self, **kw)\n  File \"/Users/noah/Otis/backend/service/merchant/merchant-service-venv/lib/python3.7/site-packages/sqlalchemy/sql/visitors.py\", line 95, in _compiler_dispatch\n    return meth(self, **kw)\n  File \"/Users/noah/Otis/backend/service/merchant/merchant-service-venv/lib/python3.7/site-packages/sqlalchemy/sql/compiler.py\", line 3436, in visit_null\n    \"type on this Column?\" % type_\nsqlalchemy.exc.CompileError: Can't generate DDL for NullType(); did you forget to specify a type on this Column?\n\nThe above exception was the direct cause of the following exception:\n\nTraceback (most recent call last):\n  File \"/Users/noah/Otis/backend/service/lib/utils/wrappers.py\", line 17, in wrap\n    return_value = func(*args, **kwargs)\n  File \"./impl/__init__.py\", line 42, in GetGeneralMerchant\n    print(CreateTable(Merchant.__table__).compile(dialect=postgresql.dialect()))\n  File \"<string>\", line 1, in <lambda>\n  File \"/Users/noah/Otis/backend/service/merchant/merchant-service-venv/lib/python3.7/site-packages/sqlalchemy/sql/elements.py\", line 476, in compile\n    return self._compiler(dialect, bind=bind, **kw)\n  File \"/Users/noah/Otis/backend/service/merchant/merchant-service-venv/lib/python3.7/site-packages/sqlalchemy/sql/ddl.py\", line 29, in _compiler\n    return dialect.ddl_compiler(dialect, self, **kw)\n  File \"/Users/noah/Otis/backend/service/merchant/merchant-service-venv/lib/python3.7/site-packages/sqlalchemy/sql/compiler.py\", line 319, in __init__\n    self.string = self.process(self.statement, **compile_kwargs)\n  File \"/Users/noah/Otis/backend/service/merchant/merchant-service-venv/lib/python3.7/site-packages/sqlalchemy/sql/compiler.py\", line 350, in process\n    return obj._compiler_dispatch(self, **kwargs)\n  File \"/Users/noah/Otis/backend/service/merchant/merchant-service-venv/lib/python3.7/site-packages/sqlalchemy/sql/visitors.py\", line 95, in _compiler_dispatch\n    return meth(self, **kw)\n  File \"/Users/noah/Otis/backend/service/merchant/merchant-service-venv/lib/python3.7/site-packages/sqlalchemy/sql/compiler.py\", line 2911, in visit_create_table\n    from_=ce,\n  File \"/Users/noah/Otis/backend/service/merchant/merchant-service-venv/lib/python3.7/site-packages/sqlalchemy/util/compat.py\", line 178, in raise_\n    raise exception\nsqlalchemy.exc.CompileError: (in table 'merchants', column 'created_at'): Can't generate DDL for NullType(); did you forget to specify a type on this Column?\n"}
{"message": "Listening on localhost:3005", "level": "INFO", "name": "merchant-service", "time": "2020-06-04T14:15:46.851037"}
{"message": "Called GetGeneralMerchant", "level": "INFO", "name": "merchant-service", "time": "2020-06-04T14:15:49.131571", "request": "merchantID: \"23034\"\n"}
{"message": "Error in call to GetGeneralMerchant: CompileError(\"(in table 'merchants', column 'created_at'): Can't generate DDL for NullType(); did you forget to specify a type on this Column?\")", "level": "ERROR", "name": "merchant-service", "time": "2020-06-04T14:15:49.231872", "request": "merchantID: \"23034\"\n", "rollbar_uuid": "869db43e-07c3-40e4-8004-a94bcffee7aa", "traceback": "Traceback (most recent call last):\n  File \"/Users/noah/Otis/backend/service/merchant/merchant-service-venv/lib/python3.7/site-packages/sqlalchemy/sql/compiler.py\", line 2897, in visit_create_table\n    create_column, first_pk=column.primary_key and not first_pk\n  File \"/Users/noah/Otis/backend/service/merchant/merchant-service-venv/lib/python3.7/site-packages/sqlalchemy/sql/compiler.py\", line 350, in process\n    return obj._compiler_dispatch(self, **kwargs)\n  File \"/Users/noah/Otis/backend/service/merchant/merchant-service-venv/lib/python3.7/site-packages/sqlalchemy/sql/visitors.py\", line 95, in _compiler_dispatch\n    return meth(self, **kw)\n  File \"/Users/noah/Otis/backend/service/merchant/merchant-service-venv/lib/python3.7/site-packages/sqlalchemy/sql/compiler.py\", line 2930, in visit_create_column\n    text = self.get_column_specification(column, first_pk=first_pk)\n  File \"/Users/noah/Otis/backend/service/merchant/merchant-service-venv/lib/python3.7/site-packages/sqlalchemy/dialects/postgresql/base.py\", line 1937, in get_column_specification\n    identifier_preparer=self.preparer,\n  File \"/Users/noah/Otis/backend/service/merchant/merchant-service-venv/lib/python3.7/site-packages/sqlalchemy/sql/compiler.py\", line 400, in process\n    return type_._compiler_dispatch(self, **kw)\n  File \"/Users/noah/Otis/backend/service/merchant/merchant-service-venv/lib/python3.7/site-packages/sqlalchemy/sql/visitors.py\", line 95, in _compiler_dispatch\n    return meth(self, **kw)\n  File \"/Users/noah/Otis/backend/service/merchant/merchant-service-venv/lib/python3.7/site-packages/sqlalchemy/sql/compiler.py\", line 3436, in visit_null\n    \"type on this Column?\" % type_\nsqlalchemy.exc.CompileError: Can't generate DDL for NullType(); did you forget to specify a type on this Column?\n\nThe above exception was the direct cause of the following exception:\n\nTraceback (most recent call last):\n  File \"/Users/noah/Otis/backend/service/lib/utils/wrappers.py\", line 17, in wrap\n    return_value = func(*args, **kwargs)\n  File \"./impl/__init__.py\", line 42, in GetGeneralMerchant\n    print(CreateTable(Merchant.__table__).compile(dialect=postgresql.dialect()))\n  File \"<string>\", line 1, in <lambda>\n  File \"/Users/noah/Otis/backend/service/merchant/merchant-service-venv/lib/python3.7/site-packages/sqlalchemy/sql/elements.py\", line 476, in compile\n    return self._compiler(dialect, bind=bind, **kw)\n  File \"/Users/noah/Otis/backend/service/merchant/merchant-service-venv/lib/python3.7/site-packages/sqlalchemy/sql/ddl.py\", line 29, in _compiler\n    return dialect.ddl_compiler(dialect, self, **kw)\n  File \"/Users/noah/Otis/backend/service/merchant/merchant-service-venv/lib/python3.7/site-packages/sqlalchemy/sql/compiler.py\", line 319, in __init__\n    self.string = self.process(self.statement, **compile_kwargs)\n  File \"/Users/noah/Otis/backend/service/merchant/merchant-service-venv/lib/python3.7/site-packages/sqlalchemy/sql/compiler.py\", line 350, in process\n    return obj._compiler_dispatch(self, **kwargs)\n  File \"/Users/noah/Otis/backend/service/merchant/merchant-service-venv/lib/python3.7/site-packages/sqlalchemy/sql/visitors.py\", line 95, in _compiler_dispatch\n    return meth(self, **kw)\n  File \"/Users/noah/Otis/backend/service/merchant/merchant-service-venv/lib/python3.7/site-packages/sqlalchemy/sql/compiler.py\", line 2911, in visit_create_table\n    from_=ce,\n  File \"/Users/noah/Otis/backend/service/merchant/merchant-service-venv/lib/python3.7/site-packages/sqlalchemy/util/compat.py\", line 178, in raise_\n    raise exception\nsqlalchemy.exc.CompileError: (in table 'merchants', column 'created_at'): Can't generate DDL for NullType(); did you forget to specify a type on this Column?\n"}
{"message": "Listening on localhost:3005", "level": "INFO", "name": "merchant-service", "time": "2020-06-04T14:16:45.571692"}
{"message": "Called GetGeneralMerchant", "level": "INFO", "name": "merchant-service", "time": "2020-06-04T14:16:47.937537", "request": "merchantID: \"23034\"\n"}
{"message": "Listening on localhost:3005", "level": "INFO", "name": "merchant-service", "time": "2020-06-04T14:19:29.910475"}
{"message": "Called GetGeneralMerchant", "level": "INFO", "name": "merchant-service", "time": "2020-06-04T14:19:31.721373", "request": "merchantID: \"23034\"\n"}
{"message": "Listening on localhost:3005", "level": "INFO", "name": "merchant-service", "time": "2020-06-04T14:20:01.238336"}
{"message": "Called GetGeneralMerchant", "level": "INFO", "name": "merchant-service", "time": "2020-06-04T14:20:04.933724", "request": "merchantID: \"23034\"\n"}
{"message": "Listening on localhost:3005", "level": "INFO", "name": "merchant-service", "time": "2020-06-04T14:20:18.353637"}
{"message": "Called GetGeneralMerchant", "level": "INFO", "name": "merchant-service", "time": "2020-06-04T14:20:21.104293", "request": "merchantID: \"23034\"\n"}
{"message": "Listening on localhost:3005", "level": "INFO", "name": "merchant-service", "time": "2020-06-04T14:21:32.105002"}
{"message": "Called GetGeneralMerchant", "level": "INFO", "name": "merchant-service", "time": "2020-06-04T14:21:39.412206", "request": "merchantID: \"23034\"\n"}
{"message": "Error in call to GetGeneralMerchant: TypeError(\"__init__() got an unexpected keyword argument 'dialect'\")", "level": "ERROR", "name": "merchant-service", "time": "2020-06-04T14:21:39.462507", "request": "merchantID: \"23034\"\n", "rollbar_uuid": "f34e4938-f46b-4b23-ae18-3c06cd80e7e8", "traceback": "Traceback (most recent call last):\n  File \"/Users/noah/Otis/backend/service/lib/utils/wrappers.py\", line 17, in wrap\n    return_value = func(*args, **kwargs)\n  File \"./impl/__init__.py\", line 42, in GetGeneralMerchant\n    print(CreateTable(Merchant.__table__, dialect=postgresql.dialect()))\nTypeError: __init__() got an unexpected keyword argument 'dialect'\n"}
{"message": "Listening on localhost:3005", "level": "INFO", "name": "merchant-service", "time": "2020-06-04T14:21:58.038907"}
{"message": "Called GetGeneralMerchant", "level": "INFO", "name": "merchant-service", "time": "2020-06-04T14:22:00.200906", "request": "merchantID: \"23034\"\n"}
{"message": "Listening on localhost:3005", "level": "INFO", "name": "merchant-service", "time": "2020-06-04T14:38:18.974524"}
{"message": "Listening on localhost:3005", "level": "INFO", "name": "merchant-service", "time": "2020-06-04T15:21:20.824389"}
{"message": "Called GetGeneralMerchant", "level": "INFO", "name": "merchant-service", "time": "2020-06-04T15:21:26.606095", "request": "merchantID: \"23034\"\n"}
{"message": "Error in call to GetGeneralMerchant: TypeError(\"compile() got multiple values for argument 'default'\")", "level": "ERROR", "name": "merchant-service", "time": "2020-06-04T15:21:26.624556", "request": "merchantID: \"23034\"\n", "rollbar_uuid": "f0aa8465-f1bc-4e2d-bc14-8e1ca5a75549", "traceback": "Traceback (most recent call last):\n  File \"/Users/noah/Otis/backend/service/lib/utils/wrappers.py\", line 17, in wrap\n    return_value = func(*args, **kwargs)\n  File \"./impl/__init__.py\", line 40, in GetGeneralMerchant\n    print(CreateTable(Merchant.__table__).compile(dialect=postgresql.dialect(), default=None) + \";\")\n  File \"<string>\", line 1, in <lambda>\nTypeError: compile() got multiple values for argument 'default'\n"}
{"message": "Listening on localhost:3005", "level": "INFO", "name": "merchant-service", "time": "2020-06-04T15:23:51.774606"}
{"message": "Called GetGeneralMerchant", "level": "INFO", "name": "merchant-service", "time": "2020-06-04T15:23:54.008976", "request": "merchantID: \"23034\"\n"}
{"message": "Error in call to GetGeneralMerchant: TypeError(\"compile() got multiple values for argument 'default'\")", "level": "ERROR", "name": "merchant-service", "time": "2020-06-04T15:23:54.028509", "request": "merchantID: \"23034\"\n", "rollbar_uuid": "b6c350b6-3bc0-464d-825d-e63f5a9a967a", "traceback": "Traceback (most recent call last):\n  File \"/Users/noah/Otis/backend/service/lib/utils/wrappers.py\", line 17, in wrap\n    return_value = func(*args, **kwargs)\n  File \"./impl/__init__.py\", line 40, in GetGeneralMerchant\n    print(CreateTable(Merchant.__table__).compile(default=postgresql.dialect()) + \";\")\n  File \"<string>\", line 1, in <lambda>\nTypeError: compile() got multiple values for argument 'default'\n"}
{"message": "Listening on localhost:3005", "level": "INFO", "name": "merchant-service", "time": "2020-06-04T15:24:26.163017"}
{"message": "Called GetGeneralMerchant", "level": "INFO", "name": "merchant-service", "time": "2020-06-04T15:24:29.518617", "request": "merchantID: \"23034\"\n"}
{"message": "Error in call to GetGeneralMerchant: TypeError(\"unsupported operand type(s) for +: 'PGDDLCompiler' and 'str'\")", "level": "ERROR", "name": "merchant-service", "time": "2020-06-04T15:24:29.533150", "request": "merchantID: \"23034\"\n", "rollbar_uuid": "6f768f9f-8ba5-45f8-9665-21439961a700", "traceback": "Traceback (most recent call last):\n  File \"/Users/noah/Otis/backend/service/lib/utils/wrappers.py\", line 17, in wrap\n    return_value = func(*args, **kwargs)\n  File \"./impl/__init__.py\", line 40, in GetGeneralMerchant\n    print(CreateTable(Merchant.__table__).compile(dialect=postgresql.dialect()) + \";\")\nTypeError: unsupported operand type(s) for +: 'PGDDLCompiler' and 'str'\n"}
{"message": "Listening on localhost:3005", "level": "INFO", "name": "merchant-service", "time": "2020-06-04T15:24:44.780369"}
{"message": "Called GetGeneralMerchant", "level": "INFO", "name": "merchant-service", "time": "2020-06-04T15:24:46.851130", "request": "merchantID: \"23034\"\n"}
{"message": "Listening on localhost:3005", "level": "INFO", "name": "merchant-service", "time": "2020-06-04T15:42:12.283845"}
{"message": "Called GetGeneralMerchant", "level": "INFO", "name": "merchant-service", "time": "2020-06-04T15:42:16.616394", "request": "merchantID: \"23034\"\n"}
{"message": "Listening on localhost:3005", "level": "INFO", "name": "merchant-service", "time": "2020-06-04T15:51:25.055476"}
{"message": "Listening on localhost:3005", "level": "INFO", "name": "merchant-service", "time": "2020-06-04T15:51:52.567071"}
{"message": "Called GetGeneralMerchant", "level": "INFO", "name": "merchant-service", "time": "2020-06-04T15:51:56.342284", "request": "merchantID: \"23034\"\n"}
{"message": "Error in call to GetGeneralMerchant: ArgumentError(\"Could not parse rfc1738 URL from string 'postgresql%3A%2F%2Fotis%3AcR4K%264NX2AGz%40otis-db-cluster-1.cluster-c6af70dxq6zw.eu-west-2.rds.amazonaws.com%3A5432%2Fotisdb'\")", "level": "ERROR", "name": "merchant-service", "time": "2020-06-04T15:51:56.380341", "request": "merchantID: \"23034\"\n", "rollbar_uuid": "3ef004a9-1451-44a7-8d2d-0484a390b8fb", "traceback": "Traceback (most recent call last):\n  File \"/Users/noah/Otis/backend/service/lib/utils/wrappers.py\", line 17, in wrap\n    return_value = func(*args, **kwargs)\n  File \"./impl/__init__.py\", line 40, in GetGeneralMerchant\n    engine = get_engine()\n  File \"/Users/noah/Otis/backend/service/lib/psql/connection.py\", line 33, in get_engine\n    return sqlalchemy.create_engine(db_conn_string, **kwargs)\n  File \"/Users/noah/Otis/backend/service/merchant/merchant-service-venv/lib/python3.7/site-packages/sqlalchemy/engine/__init__.py\", line 488, in create_engine\n    return strategy.create(*args, **kwargs)\n  File \"/Users/noah/Otis/backend/service/merchant/merchant-service-venv/lib/python3.7/site-packages/sqlalchemy/engine/strategies.py\", line 54, in create\n    u = url.make_url(name_or_url)\n  File \"/Users/noah/Otis/backend/service/merchant/merchant-service-venv/lib/python3.7/site-packages/sqlalchemy/engine/url.py\", line 229, in make_url\n    return _parse_rfc1738_args(name_or_url)\n  File \"/Users/noah/Otis/backend/service/merchant/merchant-service-venv/lib/python3.7/site-packages/sqlalchemy/engine/url.py\", line 291, in _parse_rfc1738_args\n    \"Could not parse rfc1738 URL from string '%s'\" % name\nsqlalchemy.exc.ArgumentError: Could not parse rfc1738 URL from string 'postgresql%3A%2F%2Fotis%3AcR4K%264NX2AGz%40otis-db-cluster-1.cluster-c6af70dxq6zw.eu-west-2.rds.amazonaws.com%3A5432%2Fotisdb'\n"}
{"message": "Listening on localhost:3005", "level": "INFO", "name": "merchant-service", "time": "2020-06-04T15:53:17.072623"}
{"message": "Called GetGeneralMerchant", "level": "INFO", "name": "merchant-service", "time": "2020-06-04T15:53:20.217109", "request": "merchantID: \"23034\"\n"}
{"message": "Error in call to GetGeneralMerchant: ArgumentError(\"Could not parse rfc1738 URL from string 'postgresql%3A%2F%2Fotis%3AcR4K%264NX2AGz%40otis-db-cluster-1.cluster-c6af70dxq6zw.eu-west-2.rds.amazonaws.com%3A5432%2Fotisdb'\")", "level": "ERROR", "name": "merchant-service", "time": "2020-06-04T15:53:20.259227", "request": "merchantID: \"23034\"\n", "rollbar_uuid": "130bb452-dde0-488d-b067-3415e6d9c8a6", "traceback": "Traceback (most recent call last):\n  File \"/Users/noah/Otis/backend/service/lib/utils/wrappers.py\", line 17, in wrap\n    return_value = func(*args, **kwargs)\n  File \"./impl/__init__.py\", line 40, in GetGeneralMerchant\n    engine = get_engine(strategy='mock', executor=dump_psql)\n  File \"/Users/noah/Otis/backend/service/lib/psql/connection.py\", line 33, in get_engine\n    return sqlalchemy.create_engine(db_conn_string, **kwargs)\n  File \"/Users/noah/Otis/backend/service/merchant/merchant-service-venv/lib/python3.7/site-packages/sqlalchemy/engine/__init__.py\", line 488, in create_engine\n    return strategy.create(*args, **kwargs)\n  File \"/Users/noah/Otis/backend/service/merchant/merchant-service-venv/lib/python3.7/site-packages/sqlalchemy/engine/strategies.py\", line 251, in create\n    u = url.make_url(name_or_url)\n  File \"/Users/noah/Otis/backend/service/merchant/merchant-service-venv/lib/python3.7/site-packages/sqlalchemy/engine/url.py\", line 229, in make_url\n    return _parse_rfc1738_args(name_or_url)\n  File \"/Users/noah/Otis/backend/service/merchant/merchant-service-venv/lib/python3.7/site-packages/sqlalchemy/engine/url.py\", line 291, in _parse_rfc1738_args\n    \"Could not parse rfc1738 URL from string '%s'\" % name\nsqlalchemy.exc.ArgumentError: Could not parse rfc1738 URL from string 'postgresql%3A%2F%2Fotis%3AcR4K%264NX2AGz%40otis-db-cluster-1.cluster-c6af70dxq6zw.eu-west-2.rds.amazonaws.com%3A5432%2Fotisdb'\n"}
{"message": "Listening on localhost:3005", "level": "INFO", "name": "merchant-service", "time": "2020-06-04T15:54:02.657477"}
{"message": "Called GetGeneralMerchant", "level": "INFO", "name": "merchant-service", "time": "2020-06-04T15:54:05.237049", "request": "merchantID: \"23034\"\n"}
{"message": "Error in call to GetGeneralMerchant: TypeError(\"create() missing 1 required positional argument: 'name_or_url'\")", "level": "ERROR", "name": "merchant-service", "time": "2020-06-04T15:54:05.263802", "request": "merchantID: \"23034\"\n", "rollbar_uuid": "41f17a1c-0123-45ec-8a1d-e9db9530f9c3", "traceback": "Traceback (most recent call last):\n  File \"/Users/noah/Otis/backend/service/lib/utils/wrappers.py\", line 17, in wrap\n    return_value = func(*args, **kwargs)\n  File \"./impl/__init__.py\", line 40, in GetGeneralMerchant\n    engine = get_engine(strategy='mock', executor=dump_psql)\n  File \"/Users/noah/Otis/backend/service/lib/psql/connection.py\", line 33, in get_engine\n    return sqlalchemy.create_engine(**kwargs)\n  File \"/Users/noah/Otis/backend/service/merchant/merchant-service-venv/lib/python3.7/site-packages/sqlalchemy/engine/__init__.py\", line 488, in create_engine\n    return strategy.create(*args, **kwargs)\nTypeError: create() missing 1 required positional argument: 'name_or_url'\n"}
{"message": "Listening on localhost:3005", "level": "INFO", "name": "merchant-service", "time": "2020-06-04T15:54:26.888680"}
{"message": "Called GetGeneralMerchant", "level": "INFO", "name": "merchant-service", "time": "2020-06-04T15:54:29.259890", "request": "merchantID: \"23034\"\n"}
{"message": "Error in call to GetGeneralMerchant: AttributeError(\"'Table' object has no attribute 'create_all'\")", "level": "ERROR", "name": "merchant-service", "time": "2020-06-04T15:54:29.307443", "request": "merchantID: \"23034\"\n", "rollbar_uuid": "64206aa7-1a25-48ab-9c97-2a1bbf1d79eb", "traceback": "Traceback (most recent call last):\n  File \"/Users/noah/Otis/backend/service/lib/utils/wrappers.py\", line 17, in wrap\n    return_value = func(*args, **kwargs)\n  File \"./impl/__init__.py\", line 41, in GetGeneralMerchant\n    print(Merchant.__table__.create_all(engine, checkfirst=False))\nAttributeError: 'Table' object has no attribute 'create_all'\n"}
{"message": "Listening on localhost:3005", "level": "INFO", "name": "merchant-service", "time": "2020-06-04T15:55:08.533506"}
{"message": "Called GetGeneralMerchant", "level": "INFO", "name": "merchant-service", "time": "2020-06-04T15:55:11.617434", "request": "merchantID: \"23034\"\n"}
{"message": "Error in call to GetGeneralMerchant: TypeError(\"'module' object is not callable\")", "level": "ERROR", "name": "merchant-service", "time": "2020-06-04T15:55:11.707323", "request": "merchantID: \"23034\"\n", "rollbar_uuid": "09063a56-7e70-4fbe-95ce-a5b22261956a", "traceback": "Traceback (most recent call last):\n  File \"/Users/noah/Otis/backend/service/lib/utils/wrappers.py\", line 17, in wrap\n    return_value = func(*args, **kwargs)\n  File \"./impl/__init__.py\", line 41, in GetGeneralMerchant\n    print(Merchant.metadata.create_all(engine, checkfirst=False))\n  File \"/Users/noah/Otis/backend/service/merchant/merchant-service-venv/lib/python3.7/site-packages/sqlalchemy/sql/schema.py\", line 4465, in create_all\n    ddl.SchemaGenerator, self, checkfirst=checkfirst, tables=tables\n  File \"/Users/noah/Otis/backend/service/merchant/merchant-service-venv/lib/python3.7/site-packages/sqlalchemy/engine/strategies.py\", line 312, in _run_visitor\n    element\n  File \"/Users/noah/Otis/backend/service/merchant/merchant-service-venv/lib/python3.7/site-packages/sqlalchemy/sql/visitors.py\", line 144, in traverse_single\n    return meth(obj, **kw)\n  File \"/Users/noah/Otis/backend/service/merchant/merchant-service-venv/lib/python3.7/site-packages/sqlalchemy/sql/ddl.py\", line 787, in visit_metadata\n    _is_metadata_operation=True,\n  File \"/Users/noah/Otis/backend/service/merchant/merchant-service-venv/lib/python3.7/site-packages/sqlalchemy/sql/visitors.py\", line 144, in traverse_single\n    return meth(obj, **kw)\n  File \"/Users/noah/Otis/backend/service/merchant/merchant-service-venv/lib/python3.7/site-packages/sqlalchemy/sql/ddl.py\", line 832, in visit_table\n    include_foreign_key_constraints,  # noqa\n  File \"/Users/noah/Otis/backend/service/lib/psql/connection.py\", line 27, in dump_psql\n    print(sql.compile(dialect=sqlalchemy.dialects.postgresql()))\nTypeError: 'module' object is not callable\n"}
{"message": "Listening on localhost:3005", "level": "INFO", "name": "merchant-service", "time": "2020-06-04T15:56:26.677180"}
{"message": "Called GetGeneralMerchant", "level": "INFO", "name": "merchant-service", "time": "2020-06-04T15:56:28.258381", "request": "merchantID: \"23034\"\n"}
{"message": "Error in call to GetGeneralMerchant: TypeError(\"'module' object is not callable\")", "level": "ERROR", "name": "merchant-service", "time": "2020-06-04T15:56:28.302250", "request": "merchantID: \"23034\"\n", "rollbar_uuid": "5fc7bd80-7e1a-4ade-8af7-3a46ac7267ed", "traceback": "Traceback (most recent call last):\n  File \"/Users/noah/Otis/backend/service/lib/utils/wrappers.py\", line 17, in wrap\n    return_value = func(*args, **kwargs)\n  File \"./impl/__init__.py\", line 41, in GetGeneralMerchant\n    print(Merchant.metadata.create_all(engine, checkfirst=False))\n  File \"/Users/noah/Otis/backend/service/merchant/merchant-service-venv/lib/python3.7/site-packages/sqlalchemy/sql/schema.py\", line 4465, in create_all\n    ddl.SchemaGenerator, self, checkfirst=checkfirst, tables=tables\n  File \"/Users/noah/Otis/backend/service/merchant/merchant-service-venv/lib/python3.7/site-packages/sqlalchemy/engine/strategies.py\", line 312, in _run_visitor\n    element\n  File \"/Users/noah/Otis/backend/service/merchant/merchant-service-venv/lib/python3.7/site-packages/sqlalchemy/sql/visitors.py\", line 144, in traverse_single\n    return meth(obj, **kw)\n  File \"/Users/noah/Otis/backend/service/merchant/merchant-service-venv/lib/python3.7/site-packages/sqlalchemy/sql/ddl.py\", line 787, in visit_metadata\n    _is_metadata_operation=True,\n  File \"/Users/noah/Otis/backend/service/merchant/merchant-service-venv/lib/python3.7/site-packages/sqlalchemy/sql/visitors.py\", line 144, in traverse_single\n    return meth(obj, **kw)\n  File \"/Users/noah/Otis/backend/service/merchant/merchant-service-venv/lib/python3.7/site-packages/sqlalchemy/sql/ddl.py\", line 832, in visit_table\n    include_foreign_key_constraints,  # noqa\n  File \"/Users/noah/Otis/backend/service/lib/psql/connection.py\", line 28, in dump_psql\n    print(sql.compile(dialect=postgresql()))\nTypeError: 'module' object is not callable\n"}
{"message": "Listening on localhost:3005", "level": "INFO", "name": "merchant-service", "time": "2020-06-04T15:56:54.532385"}
{"message": "Called GetGeneralMerchant", "level": "INFO", "name": "merchant-service", "time": "2020-06-04T15:56:56.041683", "request": "merchantID: \"23034\"\n"}
{"message": "Error in call to GetGeneralMerchant: TypeError(\"'module' object is not callable\")", "level": "ERROR", "name": "merchant-service", "time": "2020-06-04T15:56:56.111670", "request": "merchantID: \"23034\"\n", "rollbar_uuid": "b90a6f08-2631-4816-8cb7-dc0f512535b3", "traceback": "Traceback (most recent call last):\n  File \"/Users/noah/Otis/backend/service/lib/utils/wrappers.py\", line 17, in wrap\n    return_value = func(*args, **kwargs)\n  File \"./impl/__init__.py\", line 41, in GetGeneralMerchant\n    print(Merchant.metadata.create_all(engine, checkfirst=False))\n  File \"/Users/noah/Otis/backend/service/merchant/merchant-service-venv/lib/python3.7/site-packages/sqlalchemy/sql/schema.py\", line 4465, in create_all\n    ddl.SchemaGenerator, self, checkfirst=checkfirst, tables=tables\n  File \"/Users/noah/Otis/backend/service/merchant/merchant-service-venv/lib/python3.7/site-packages/sqlalchemy/engine/strategies.py\", line 312, in _run_visitor\n    element\n  File \"/Users/noah/Otis/backend/service/merchant/merchant-service-venv/lib/python3.7/site-packages/sqlalchemy/sql/visitors.py\", line 144, in traverse_single\n    return meth(obj, **kw)\n  File \"/Users/noah/Otis/backend/service/merchant/merchant-service-venv/lib/python3.7/site-packages/sqlalchemy/sql/ddl.py\", line 787, in visit_metadata\n    _is_metadata_operation=True,\n  File \"/Users/noah/Otis/backend/service/merchant/merchant-service-venv/lib/python3.7/site-packages/sqlalchemy/sql/visitors.py\", line 144, in traverse_single\n    return meth(obj, **kw)\n  File \"/Users/noah/Otis/backend/service/merchant/merchant-service-venv/lib/python3.7/site-packages/sqlalchemy/sql/ddl.py\", line 832, in visit_table\n    include_foreign_key_constraints,  # noqa\n  File \"/Users/noah/Otis/backend/service/lib/psql/connection.py\", line 28, in dump_psql\n    print(sql.compile(dialect=dialects.postgresql()))\nTypeError: 'module' object is not callable\n"}
{"message": "Listening on localhost:3005", "level": "INFO", "name": "merchant-service", "time": "2020-06-04T15:57:53.268945"}
{"message": "Called GetGeneralMerchant", "level": "INFO", "name": "merchant-service", "time": "2020-06-04T15:57:55.937777", "request": "merchantID: \"23034\"\n"}
{"message": "Listening on localhost:3005", "level": "INFO", "name": "merchant-service", "time": "2020-06-04T15:58:57.298708"}
{"message": "Called GetGeneralMerchant", "level": "INFO", "name": "merchant-service", "time": "2020-06-04T15:59:00.271848", "request": "merchantID: \"23034\"\n"}
{"message": "Listening on localhost:3005", "level": "INFO", "name": "merchant-service", "time": "2020-06-04T15:59:39.453706"}
{"message": "Called GetGeneralMerchant", "level": "INFO", "name": "merchant-service", "time": "2020-06-04T15:59:43.687628", "request": "merchantID: \"23034\"\n"}
{"message": "Listening on localhost:3005", "level": "INFO", "name": "merchant-service", "time": "2020-06-04T16:00:05.928257"}
{"message": "Called GetGeneralMerchant", "level": "INFO", "name": "merchant-service", "time": "2020-06-04T16:00:08.702511", "request": "merchantID: \"23034\"\n"}
{"message": "Listening on localhost:3005", "level": "INFO", "name": "merchant-service", "time": "2020-06-04T16:00:31.506681"}
{"message": "Called GetGeneralMerchant", "level": "INFO", "name": "merchant-service", "time": "2020-06-04T16:00:33.259142", "request": "merchantID: \"23034\"\n"}
{"message": "Listening on localhost:3005", "level": "INFO", "name": "merchant-service", "time": "2020-06-04T16:06:17.687614"}
{"message": "Called GetGeneralMerchant", "level": "INFO", "name": "merchant-service", "time": "2020-06-04T16:06:21.491152", "request": "merchantID: \"23034\"\n"}
{"message": "Listening on localhost:3005", "level": "INFO", "name": "merchant-service", "time": "2020-06-04T16:17:50.242276"}
{"message": "Listening on localhost:3005", "level": "INFO", "name": "merchant-service", "time": "2020-06-04T16:17:55.476244"}
{"message": "Called GetGeneralMerchant", "level": "INFO", "name": "merchant-service", "time": "2020-06-04T16:17:59.179810", "request": "merchantID: \"23034\"\n"}
{"message": "Listening on localhost:3005", "level": "INFO", "name": "merchant-service", "time": "2020-06-04T16:25:13.005949"}
{"message": "Called GetGeneralMerchant", "level": "INFO", "name": "merchant-service", "time": "2020-06-04T16:25:16.846516", "request": "merchantID: \"23034\"\n"}
{"message": "Listening on localhost:3005", "level": "INFO", "name": "merchant-service", "time": "2020-06-04T16:29:37.803082"}
{"message": "Called GetGeneralMerchant", "level": "INFO", "name": "merchant-service", "time": "2020-06-04T16:29:40.572717", "request": "merchantID: \"23034\"\n"}
{"message": "Error in call to GetGeneralMerchant: TypeError(\"'str' object is not callable\")", "level": "ERROR", "name": "merchant-service", "time": "2020-06-04T16:29:40.623066", "request": "merchantID: \"23034\"\n", "rollbar_uuid": "b296de6b-8a69-4fce-9726-b75932d98af2", "traceback": "Traceback (most recent call last):\n  File \"/Users/noah/Otis/backend/service/lib/utils/wrappers.py\", line 17, in wrap\n    return_value = func(*args, **kwargs)\n  File \"./impl/__init__.py\", line 41, in GetGeneralMerchant\n    print(Merchant.metadata.create_all(self.db_engine, checkfirst=False))\n  File \"/Users/noah/Otis/backend/service/merchant/merchant-service-venv/lib/python3.7/site-packages/sqlalchemy/sql/schema.py\", line 4465, in create_all\n    ddl.SchemaGenerator, self, checkfirst=checkfirst, tables=tables\n  File \"/Users/noah/Otis/backend/service/merchant/merchant-service-venv/lib/python3.7/site-packages/sqlalchemy/engine/strategies.py\", line 312, in _run_visitor\n    element\n  File \"/Users/noah/Otis/backend/service/merchant/merchant-service-venv/lib/python3.7/site-packages/sqlalchemy/sql/visitors.py\", line 144, in traverse_single\n    return meth(obj, **kw)\n  File \"/Users/noah/Otis/backend/service/merchant/merchant-service-venv/lib/python3.7/site-packages/sqlalchemy/sql/ddl.py\", line 787, in visit_metadata\n    _is_metadata_operation=True,\n  File \"/Users/noah/Otis/backend/service/merchant/merchant-service-venv/lib/python3.7/site-packages/sqlalchemy/sql/visitors.py\", line 144, in traverse_single\n    return meth(obj, **kw)\n  File \"/Users/noah/Otis/backend/service/merchant/merchant-service-venv/lib/python3.7/site-packages/sqlalchemy/sql/ddl.py\", line 832, in visit_table\n    include_foreign_key_constraints,  # noqa\nTypeError: 'str' object is not callable\n"}
{"message": "Listening on localhost:3005", "level": "INFO", "name": "merchant-service", "time": "2020-06-04T16:32:08.187694"}
{"message": "Called GetGeneralMerchant", "level": "INFO", "name": "merchant-service", "time": "2020-06-04T16:32:10.612193", "request": "merchantID: \"23034\"\n"}
{"message": "Error in call to GetGeneralMerchant: TypeError(\"'str' object is not callable\")", "level": "ERROR", "name": "merchant-service", "time": "2020-06-04T16:32:10.664937", "request": "merchantID: \"23034\"\n", "rollbar_uuid": "712d7b68-fa65-46c3-88bb-8d03ba712496", "traceback": "Traceback (most recent call last):\n  File \"/Users/noah/Otis/backend/service/lib/utils/wrappers.py\", line 17, in wrap\n    return_value = func(*args, **kwargs)\n  File \"./impl/__init__.py\", line 41, in GetGeneralMerchant\n    print(Merchant.metadata.create_all(self.db_engine, checkfirst=False))\n  File \"/Users/noah/Otis/backend/service/merchant/merchant-service-venv/lib/python3.7/site-packages/sqlalchemy/sql/schema.py\", line 4465, in create_all\n    ddl.SchemaGenerator, self, checkfirst=checkfirst, tables=tables\n  File \"/Users/noah/Otis/backend/service/merchant/merchant-service-venv/lib/python3.7/site-packages/sqlalchemy/engine/strategies.py\", line 312, in _run_visitor\n    element\n  File \"/Users/noah/Otis/backend/service/merchant/merchant-service-venv/lib/python3.7/site-packages/sqlalchemy/sql/visitors.py\", line 144, in traverse_single\n    return meth(obj, **kw)\n  File \"/Users/noah/Otis/backend/service/merchant/merchant-service-venv/lib/python3.7/site-packages/sqlalchemy/sql/ddl.py\", line 787, in visit_metadata\n    _is_metadata_operation=True,\n  File \"/Users/noah/Otis/backend/service/merchant/merchant-service-venv/lib/python3.7/site-packages/sqlalchemy/sql/visitors.py\", line 144, in traverse_single\n    return meth(obj, **kw)\n  File \"/Users/noah/Otis/backend/service/merchant/merchant-service-venv/lib/python3.7/site-packages/sqlalchemy/sql/ddl.py\", line 832, in visit_table\n    include_foreign_key_constraints,  # noqa\nTypeError: 'str' object is not callable\n"}
{"message": "Listening on localhost:3005", "level": "INFO", "name": "merchant-service", "time": "2020-06-04T16:33:19.486100"}
{"message": "Called GetGeneralMerchant", "level": "INFO", "name": "merchant-service", "time": "2020-06-04T16:33:22.264655", "request": "merchantID: \"23034\"\n"}
{"message": "Listening on localhost:3005", "level": "INFO", "name": "merchant-service", "time": "2020-06-04T17:00:43.737649"}
{"message": "Listening on localhost:3005", "level": "INFO", "name": "merchant-service", "time": "2020-06-04T17:01:51.058835"}
{"message": "Called GetGeneralMerchant", "level": "INFO", "name": "merchant-service", "time": "2020-06-04T17:01:54.118317", "request": "merchantID: \"23034\"\n"}
{"message": "Error in call to GetGeneralMerchant: OperationalError('(psycopg2.OperationalError) could not translate host name \"otis-db-cluster-1.cluster-c6af70dxq6zw.eu-west-2.rds.amazonaws.com\" to address: nodename nor servname provided, or not known\\n')", "level": "ERROR", "name": "merchant-service", "time": "2020-06-04T17:01:54.296353", "request": "merchantID: \"23034\"\n", "rollbar_uuid": "615c85f6-4a6e-4cae-bdec-97ea46b6e8e3", "traceback": "Traceback (most recent call last):\n  File \"/Users/noah/Otis/backend/service/merchant/merchant-service-venv/lib/python3.7/site-packages/sqlalchemy/engine/base.py\", line 2345, in _wrap_pool_connect\n    return fn()\n  File \"/Users/noah/Otis/backend/service/merchant/merchant-service-venv/lib/python3.7/site-packages/sqlalchemy/pool/base.py\", line 364, in connect\n    return _ConnectionFairy._checkout(self)\n  File \"/Users/noah/Otis/backend/service/merchant/merchant-service-venv/lib/python3.7/site-packages/sqlalchemy/pool/base.py\", line 778, in _checkout\n    fairy = _ConnectionRecord.checkout(pool)\n  File \"/Users/noah/Otis/backend/service/merchant/merchant-service-venv/lib/python3.7/site-packages/sqlalchemy/pool/base.py\", line 495, in checkout\n    rec = pool._do_get()\n  File \"/Users/noah/Otis/backend/service/merchant/merchant-service-venv/lib/python3.7/site-packages/sqlalchemy/pool/impl.py\", line 140, in _do_get\n    self._dec_overflow()\n  File \"/Users/noah/Otis/backend/service/merchant/merchant-service-venv/lib/python3.7/site-packages/sqlalchemy/util/langhelpers.py\", line 69, in __exit__\n    exc_value, with_traceback=exc_tb,\n  File \"/Users/noah/Otis/backend/service/merchant/merchant-service-venv/lib/python3.7/site-packages/sqlalchemy/util/compat.py\", line 178, in raise_\n    raise exception\n  File \"/Users/noah/Otis/backend/service/merchant/merchant-service-venv/lib/python3.7/site-packages/sqlalchemy/pool/impl.py\", line 137, in _do_get\n    return self._create_connection()\n  File \"/Users/noah/Otis/backend/service/merchant/merchant-service-venv/lib/python3.7/site-packages/sqlalchemy/pool/base.py\", line 309, in _create_connection\n    return _ConnectionRecord(self)\n  File \"/Users/noah/Otis/backend/service/merchant/merchant-service-venv/lib/python3.7/site-packages/sqlalchemy/pool/base.py\", line 440, in __init__\n    self.__connect(first_connect_check=True)\n  File \"/Users/noah/Otis/backend/service/merchant/merchant-service-venv/lib/python3.7/site-packages/sqlalchemy/pool/base.py\", line 661, in __connect\n    pool.logger.debug(\"Error on connect(): %s\", e)\n  File \"/Users/noah/Otis/backend/service/merchant/merchant-service-venv/lib/python3.7/site-packages/sqlalchemy/util/langhelpers.py\", line 69, in __exit__\n    exc_value, with_traceback=exc_tb,\n  File \"/Users/noah/Otis/backend/service/merchant/merchant-service-venv/lib/python3.7/site-packages/sqlalchemy/util/compat.py\", line 178, in raise_\n    raise exception\n  File \"/Users/noah/Otis/backend/service/merchant/merchant-service-venv/lib/python3.7/site-packages/sqlalchemy/pool/base.py\", line 656, in __connect\n    connection = pool._invoke_creator(self)\n  File \"/Users/noah/Otis/backend/service/merchant/merchant-service-venv/lib/python3.7/site-packages/sqlalchemy/engine/strategies.py\", line 114, in connect\n    return dialect.connect(*cargs, **cparams)\n  File \"/Users/noah/Otis/backend/service/merchant/merchant-service-venv/lib/python3.7/site-packages/sqlalchemy/engine/default.py\", line 490, in connect\n    return self.dbapi.connect(*cargs, **cparams)\n  File \"/Users/noah/Otis/backend/service/merchant/merchant-service-venv/lib/python3.7/site-packages/psycopg2/__init__.py\", line 127, in connect\n    conn = _connect(dsn, connection_factory=connection_factory, **kwasync)\npsycopg2.OperationalError: could not translate host name \"otis-db-cluster-1.cluster-c6af70dxq6zw.eu-west-2.rds.amazonaws.com\" to address: nodename nor servname provided, or not known\n\n\nThe above exception was the direct cause of the following exception:\n\nTraceback (most recent call last):\n  File \"/Users/noah/Otis/backend/service/lib/utils/wrappers.py\", line 17, in wrap\n    return_value = func(*args, **kwargs)\n  File \"./impl/__init__.py\", line 41, in GetGeneralMerchant\n    print(Merchant.metadata.create_all(self.db_engine, checkfirst=False))\n  File \"/Users/noah/Otis/backend/service/merchant/merchant-service-venv/lib/python3.7/site-packages/sqlalchemy/sql/schema.py\", line 4465, in create_all\n    ddl.SchemaGenerator, self, checkfirst=checkfirst, tables=tables\n  File \"/Users/noah/Otis/backend/service/merchant/merchant-service-venv/lib/python3.7/site-packages/sqlalchemy/engine/base.py\", line 2103, in _run_visitor\n    with self._optional_conn_ctx_manager(connection) as conn:\n  File \"/usr/local/Cellar/python/3.7.6_1/Frameworks/Python.framework/Versions/3.7/lib/python3.7/contextlib.py\", line 112, in __enter__\n    return next(self.gen)\n  File \"/Users/noah/Otis/backend/service/merchant/merchant-service-venv/lib/python3.7/site-packages/sqlalchemy/engine/base.py\", line 2095, in _optional_conn_ctx_manager\n    with self._contextual_connect() as conn:\n  File \"/Users/noah/Otis/backend/service/merchant/merchant-service-venv/lib/python3.7/site-packages/sqlalchemy/engine/base.py\", line 2311, in _contextual_connect\n    self._wrap_pool_connect(self.pool.connect, None),\n  File \"/Users/noah/Otis/backend/service/merchant/merchant-service-venv/lib/python3.7/site-packages/sqlalchemy/engine/base.py\", line 2349, in _wrap_pool_connect\n    e, dialect, self\n  File \"/Users/noah/Otis/backend/service/merchant/merchant-service-venv/lib/python3.7/site-packages/sqlalchemy/engine/base.py\", line 1591, in _handle_dbapi_exception_noconnection\n    sqlalchemy_exception, with_traceback=exc_info[2], from_=e\n  File \"/Users/noah/Otis/backend/service/merchant/merchant-service-venv/lib/python3.7/site-packages/sqlalchemy/util/compat.py\", line 178, in raise_\n    raise exception\n  File \"/Users/noah/Otis/backend/service/merchant/merchant-service-venv/lib/python3.7/site-packages/sqlalchemy/engine/base.py\", line 2345, in _wrap_pool_connect\n    return fn()\n  File \"/Users/noah/Otis/backend/service/merchant/merchant-service-venv/lib/python3.7/site-packages/sqlalchemy/pool/base.py\", line 364, in connect\n    return _ConnectionFairy._checkout(self)\n  File \"/Users/noah/Otis/backend/service/merchant/merchant-service-venv/lib/python3.7/site-packages/sqlalchemy/pool/base.py\", line 778, in _checkout\n    fairy = _ConnectionRecord.checkout(pool)\n  File \"/Users/noah/Otis/backend/service/merchant/merchant-service-venv/lib/python3.7/site-packages/sqlalchemy/pool/base.py\", line 495, in checkout\n    rec = pool._do_get()\n  File \"/Users/noah/Otis/backend/service/merchant/merchant-service-venv/lib/python3.7/site-packages/sqlalchemy/pool/impl.py\", line 140, in _do_get\n    self._dec_overflow()\n  File \"/Users/noah/Otis/backend/service/merchant/merchant-service-venv/lib/python3.7/site-packages/sqlalchemy/util/langhelpers.py\", line 69, in __exit__\n    exc_value, with_traceback=exc_tb,\n  File \"/Users/noah/Otis/backend/service/merchant/merchant-service-venv/lib/python3.7/site-packages/sqlalchemy/util/compat.py\", line 178, in raise_\n    raise exception\n  File \"/Users/noah/Otis/backend/service/merchant/merchant-service-venv/lib/python3.7/site-packages/sqlalchemy/pool/impl.py\", line 137, in _do_get\n    return self._create_connection()\n  File \"/Users/noah/Otis/backend/service/merchant/merchant-service-venv/lib/python3.7/site-packages/sqlalchemy/pool/base.py\", line 309, in _create_connection\n    return _ConnectionRecord(self)\n  File \"/Users/noah/Otis/backend/service/merchant/merchant-service-venv/lib/python3.7/site-packages/sqlalchemy/pool/base.py\", line 440, in __init__\n    self.__connect(first_connect_check=True)\n  File \"/Users/noah/Otis/backend/service/merchant/merchant-service-venv/lib/python3.7/site-packages/sqlalchemy/pool/base.py\", line 661, in __connect\n    pool.logger.debug(\"Error on connect(): %s\", e)\n  File \"/Users/noah/Otis/backend/service/merchant/merchant-service-venv/lib/python3.7/site-packages/sqlalchemy/util/langhelpers.py\", line 69, in __exit__\n    exc_value, with_traceback=exc_tb,\n  File \"/Users/noah/Otis/backend/service/merchant/merchant-service-venv/lib/python3.7/site-packages/sqlalchemy/util/compat.py\", line 178, in raise_\n    raise exception\n  File \"/Users/noah/Otis/backend/service/merchant/merchant-service-venv/lib/python3.7/site-packages/sqlalchemy/pool/base.py\", line 656, in __connect\n    connection = pool._invoke_creator(self)\n  File \"/Users/noah/Otis/backend/service/merchant/merchant-service-venv/lib/python3.7/site-packages/sqlalchemy/engine/strategies.py\", line 114, in connect\n    return dialect.connect(*cargs, **cparams)\n  File \"/Users/noah/Otis/backend/service/merchant/merchant-service-venv/lib/python3.7/site-packages/sqlalchemy/engine/default.py\", line 490, in connect\n    return self.dbapi.connect(*cargs, **cparams)\n  File \"/Users/noah/Otis/backend/service/merchant/merchant-service-venv/lib/python3.7/site-packages/psycopg2/__init__.py\", line 127, in connect\n    conn = _connect(dsn, connection_factory=connection_factory, **kwasync)\nsqlalchemy.exc.OperationalError: (psycopg2.OperationalError) could not translate host name \"otis-db-cluster-1.cluster-c6af70dxq6zw.eu-west-2.rds.amazonaws.com\" to address: nodename nor servname provided, or not known\n\n(Background on this error at: http://sqlalche.me/e/e3q8)\n"}
{"message": "Listening on localhost:3005", "level": "INFO", "name": "merchant-service", "time": "2020-06-04T17:02:27.984799"}
{"message": "Called GetGeneralMerchant", "level": "INFO", "name": "merchant-service", "time": "2020-06-04T17:02:33.369742", "request": "merchantID: \"23034\"\n"}
{"message": "Listening on localhost:3005", "level": "INFO", "name": "merchant-service", "time": "2020-06-04T17:03:36.508520"}
{"message": "Called GetGeneralMerchant", "level": "INFO", "name": "merchant-service", "time": "2020-06-04T17:03:39.319276", "request": "merchantID: \"23034\"\n"}
{"message": "Listening on localhost:3005", "level": "INFO", "name": "merchant-service", "time": "2020-06-04T17:05:14.745607"}
{"message": "Called GetGeneralMerchant", "level": "INFO", "name": "merchant-service", "time": "2020-06-04T17:05:18.889957", "request": "merchantID: \"23034\"\n"}
{"message": "Error in call to GetGeneralMerchant: OperationalError('(psycopg2.OperationalError) could not translate host name \"otis-db-cluster-1.cluster-c6af70dxq6zw.eu-west-2.rds.amazonaws.com\" to address: nodename nor servname provided, or not known\\n')", "level": "ERROR", "name": "merchant-service", "time": "2020-06-04T17:05:19.048179", "request": "merchantID: \"23034\"\n", "rollbar_uuid": "5140b1c5-4f78-43b8-b2c5-ff318cd6b7f7", "traceback": "Traceback (most recent call last):\n  File \"/Users/noah/Otis/backend/service/merchant/merchant-service-venv/lib/python3.7/site-packages/sqlalchemy/engine/base.py\", line 2345, in _wrap_pool_connect\n    return fn()\n  File \"/Users/noah/Otis/backend/service/merchant/merchant-service-venv/lib/python3.7/site-packages/sqlalchemy/pool/base.py\", line 364, in connect\n    return _ConnectionFairy._checkout(self)\n  File \"/Users/noah/Otis/backend/service/merchant/merchant-service-venv/lib/python3.7/site-packages/sqlalchemy/pool/base.py\", line 778, in _checkout\n    fairy = _ConnectionRecord.checkout(pool)\n  File \"/Users/noah/Otis/backend/service/merchant/merchant-service-venv/lib/python3.7/site-packages/sqlalchemy/pool/base.py\", line 495, in checkout\n    rec = pool._do_get()\n  File \"/Users/noah/Otis/backend/service/merchant/merchant-service-venv/lib/python3.7/site-packages/sqlalchemy/pool/impl.py\", line 140, in _do_get\n    self._dec_overflow()\n  File \"/Users/noah/Otis/backend/service/merchant/merchant-service-venv/lib/python3.7/site-packages/sqlalchemy/util/langhelpers.py\", line 69, in __exit__\n    exc_value, with_traceback=exc_tb,\n  File \"/Users/noah/Otis/backend/service/merchant/merchant-service-venv/lib/python3.7/site-packages/sqlalchemy/util/compat.py\", line 178, in raise_\n    raise exception\n  File \"/Users/noah/Otis/backend/service/merchant/merchant-service-venv/lib/python3.7/site-packages/sqlalchemy/pool/impl.py\", line 137, in _do_get\n    return self._create_connection()\n  File \"/Users/noah/Otis/backend/service/merchant/merchant-service-venv/lib/python3.7/site-packages/sqlalchemy/pool/base.py\", line 309, in _create_connection\n    return _ConnectionRecord(self)\n  File \"/Users/noah/Otis/backend/service/merchant/merchant-service-venv/lib/python3.7/site-packages/sqlalchemy/pool/base.py\", line 440, in __init__\n    self.__connect(first_connect_check=True)\n  File \"/Users/noah/Otis/backend/service/merchant/merchant-service-venv/lib/python3.7/site-packages/sqlalchemy/pool/base.py\", line 661, in __connect\n    pool.logger.debug(\"Error on connect(): %s\", e)\n  File \"/Users/noah/Otis/backend/service/merchant/merchant-service-venv/lib/python3.7/site-packages/sqlalchemy/util/langhelpers.py\", line 69, in __exit__\n    exc_value, with_traceback=exc_tb,\n  File \"/Users/noah/Otis/backend/service/merchant/merchant-service-venv/lib/python3.7/site-packages/sqlalchemy/util/compat.py\", line 178, in raise_\n    raise exception\n  File \"/Users/noah/Otis/backend/service/merchant/merchant-service-venv/lib/python3.7/site-packages/sqlalchemy/pool/base.py\", line 656, in __connect\n    connection = pool._invoke_creator(self)\n  File \"/Users/noah/Otis/backend/service/merchant/merchant-service-venv/lib/python3.7/site-packages/sqlalchemy/engine/strategies.py\", line 114, in connect\n    return dialect.connect(*cargs, **cparams)\n  File \"/Users/noah/Otis/backend/service/merchant/merchant-service-venv/lib/python3.7/site-packages/sqlalchemy/engine/default.py\", line 490, in connect\n    return self.dbapi.connect(*cargs, **cparams)\n  File \"/Users/noah/Otis/backend/service/merchant/merchant-service-venv/lib/python3.7/site-packages/psycopg2/__init__.py\", line 127, in connect\n    conn = _connect(dsn, connection_factory=connection_factory, **kwasync)\npsycopg2.OperationalError: could not translate host name \"otis-db-cluster-1.cluster-c6af70dxq6zw.eu-west-2.rds.amazonaws.com\" to address: nodename nor servname provided, or not known\n\n\nThe above exception was the direct cause of the following exception:\n\nTraceback (most recent call last):\n  File \"/Users/noah/Otis/backend/service/lib/utils/wrappers.py\", line 17, in wrap\n    return_value = func(*args, **kwargs)\n  File \"./impl/__init__.py\", line 41, in GetGeneralMerchant\n    print(Merchant.metadata.create_all(self.db_engine, checkfirst=False))\n  File \"/Users/noah/Otis/backend/service/merchant/merchant-service-venv/lib/python3.7/site-packages/sqlalchemy/sql/schema.py\", line 4465, in create_all\n    ddl.SchemaGenerator, self, checkfirst=checkfirst, tables=tables\n  File \"/Users/noah/Otis/backend/service/merchant/merchant-service-venv/lib/python3.7/site-packages/sqlalchemy/engine/base.py\", line 2103, in _run_visitor\n    with self._optional_conn_ctx_manager(connection) as conn:\n  File \"/usr/local/Cellar/python/3.7.6_1/Frameworks/Python.framework/Versions/3.7/lib/python3.7/contextlib.py\", line 112, in __enter__\n    return next(self.gen)\n  File \"/Users/noah/Otis/backend/service/merchant/merchant-service-venv/lib/python3.7/site-packages/sqlalchemy/engine/base.py\", line 2095, in _optional_conn_ctx_manager\n    with self._contextual_connect() as conn:\n  File \"/Users/noah/Otis/backend/service/merchant/merchant-service-venv/lib/python3.7/site-packages/sqlalchemy/engine/base.py\", line 2311, in _contextual_connect\n    self._wrap_pool_connect(self.pool.connect, None),\n  File \"/Users/noah/Otis/backend/service/merchant/merchant-service-venv/lib/python3.7/site-packages/sqlalchemy/engine/base.py\", line 2349, in _wrap_pool_connect\n    e, dialect, self\n  File \"/Users/noah/Otis/backend/service/merchant/merchant-service-venv/lib/python3.7/site-packages/sqlalchemy/engine/base.py\", line 1591, in _handle_dbapi_exception_noconnection\n    sqlalchemy_exception, with_traceback=exc_info[2], from_=e\n  File \"/Users/noah/Otis/backend/service/merchant/merchant-service-venv/lib/python3.7/site-packages/sqlalchemy/util/compat.py\", line 178, in raise_\n    raise exception\n  File \"/Users/noah/Otis/backend/service/merchant/merchant-service-venv/lib/python3.7/site-packages/sqlalchemy/engine/base.py\", line 2345, in _wrap_pool_connect\n    return fn()\n  File \"/Users/noah/Otis/backend/service/merchant/merchant-service-venv/lib/python3.7/site-packages/sqlalchemy/pool/base.py\", line 364, in connect\n    return _ConnectionFairy._checkout(self)\n  File \"/Users/noah/Otis/backend/service/merchant/merchant-service-venv/lib/python3.7/site-packages/sqlalchemy/pool/base.py\", line 778, in _checkout\n    fairy = _ConnectionRecord.checkout(pool)\n  File \"/Users/noah/Otis/backend/service/merchant/merchant-service-venv/lib/python3.7/site-packages/sqlalchemy/pool/base.py\", line 495, in checkout\n    rec = pool._do_get()\n  File \"/Users/noah/Otis/backend/service/merchant/merchant-service-venv/lib/python3.7/site-packages/sqlalchemy/pool/impl.py\", line 140, in _do_get\n    self._dec_overflow()\n  File \"/Users/noah/Otis/backend/service/merchant/merchant-service-venv/lib/python3.7/site-packages/sqlalchemy/util/langhelpers.py\", line 69, in __exit__\n    exc_value, with_traceback=exc_tb,\n  File \"/Users/noah/Otis/backend/service/merchant/merchant-service-venv/lib/python3.7/site-packages/sqlalchemy/util/compat.py\", line 178, in raise_\n    raise exception\n  File \"/Users/noah/Otis/backend/service/merchant/merchant-service-venv/lib/python3.7/site-packages/sqlalchemy/pool/impl.py\", line 137, in _do_get\n    return self._create_connection()\n  File \"/Users/noah/Otis/backend/service/merchant/merchant-service-venv/lib/python3.7/site-packages/sqlalchemy/pool/base.py\", line 309, in _create_connection\n    return _ConnectionRecord(self)\n  File \"/Users/noah/Otis/backend/service/merchant/merchant-service-venv/lib/python3.7/site-packages/sqlalchemy/pool/base.py\", line 440, in __init__\n    self.__connect(first_connect_check=True)\n  File \"/Users/noah/Otis/backend/service/merchant/merchant-service-venv/lib/python3.7/site-packages/sqlalchemy/pool/base.py\", line 661, in __connect\n    pool.logger.debug(\"Error on connect(): %s\", e)\n  File \"/Users/noah/Otis/backend/service/merchant/merchant-service-venv/lib/python3.7/site-packages/sqlalchemy/util/langhelpers.py\", line 69, in __exit__\n    exc_value, with_traceback=exc_tb,\n  File \"/Users/noah/Otis/backend/service/merchant/merchant-service-venv/lib/python3.7/site-packages/sqlalchemy/util/compat.py\", line 178, in raise_\n    raise exception\n  File \"/Users/noah/Otis/backend/service/merchant/merchant-service-venv/lib/python3.7/site-packages/sqlalchemy/pool/base.py\", line 656, in __connect\n    connection = pool._invoke_creator(self)\n  File \"/Users/noah/Otis/backend/service/merchant/merchant-service-venv/lib/python3.7/site-packages/sqlalchemy/engine/strategies.py\", line 114, in connect\n    return dialect.connect(*cargs, **cparams)\n  File \"/Users/noah/Otis/backend/service/merchant/merchant-service-venv/lib/python3.7/site-packages/sqlalchemy/engine/default.py\", line 490, in connect\n    return self.dbapi.connect(*cargs, **cparams)\n  File \"/Users/noah/Otis/backend/service/merchant/merchant-service-venv/lib/python3.7/site-packages/psycopg2/__init__.py\", line 127, in connect\n    conn = _connect(dsn, connection_factory=connection_factory, **kwasync)\nsqlalchemy.exc.OperationalError: (psycopg2.OperationalError) could not translate host name \"otis-db-cluster-1.cluster-c6af70dxq6zw.eu-west-2.rds.amazonaws.com\" to address: nodename nor servname provided, or not known\n\n(Background on this error at: http://sqlalche.me/e/e3q8)\n"}
{"message": "Listening on localhost:3005", "level": "INFO", "name": "merchant-service", "time": "2020-06-04T17:14:19.143467"}
{"message": "Listening on localhost:3005", "level": "INFO", "name": "merchant-service", "time": "2020-06-04T17:14:36.561109"}
{"message": "Called GetGeneralMerchant", "level": "INFO", "name": "merchant-service", "time": "2020-06-04T17:14:42.253073", "request": "merchantID: \"23034\"\n"}
{"message": "Error in call to GetGeneralMerchant: OperationalError('(psycopg2.OperationalError) could not translate host name \"otis-db-cluster-1.cluster-c6af70dxq6zw.eu-west-2.rds.amazonaws.com\" to address: nodename nor servname provided, or not known\\n')", "level": "ERROR", "name": "merchant-service", "time": "2020-06-04T17:14:42.388400", "request": "merchantID: \"23034\"\n", "rollbar_uuid": "11c83a28-bc93-4ad2-bf2b-703010e61238", "traceback": "Traceback (most recent call last):\n  File \"/Users/noah/Otis/backend/service/merchant/merchant-service-venv/lib/python3.7/site-packages/sqlalchemy/engine/base.py\", line 2345, in _wrap_pool_connect\n    return fn()\n  File \"/Users/noah/Otis/backend/service/merchant/merchant-service-venv/lib/python3.7/site-packages/sqlalchemy/pool/base.py\", line 364, in connect\n    return _ConnectionFairy._checkout(self)\n  File \"/Users/noah/Otis/backend/service/merchant/merchant-service-venv/lib/python3.7/site-packages/sqlalchemy/pool/base.py\", line 778, in _checkout\n    fairy = _ConnectionRecord.checkout(pool)\n  File \"/Users/noah/Otis/backend/service/merchant/merchant-service-venv/lib/python3.7/site-packages/sqlalchemy/pool/base.py\", line 495, in checkout\n    rec = pool._do_get()\n  File \"/Users/noah/Otis/backend/service/merchant/merchant-service-venv/lib/python3.7/site-packages/sqlalchemy/pool/impl.py\", line 140, in _do_get\n    self._dec_overflow()\n  File \"/Users/noah/Otis/backend/service/merchant/merchant-service-venv/lib/python3.7/site-packages/sqlalchemy/util/langhelpers.py\", line 69, in __exit__\n    exc_value, with_traceback=exc_tb,\n  File \"/Users/noah/Otis/backend/service/merchant/merchant-service-venv/lib/python3.7/site-packages/sqlalchemy/util/compat.py\", line 178, in raise_\n    raise exception\n  File \"/Users/noah/Otis/backend/service/merchant/merchant-service-venv/lib/python3.7/site-packages/sqlalchemy/pool/impl.py\", line 137, in _do_get\n    return self._create_connection()\n  File \"/Users/noah/Otis/backend/service/merchant/merchant-service-venv/lib/python3.7/site-packages/sqlalchemy/pool/base.py\", line 309, in _create_connection\n    return _ConnectionRecord(self)\n  File \"/Users/noah/Otis/backend/service/merchant/merchant-service-venv/lib/python3.7/site-packages/sqlalchemy/pool/base.py\", line 440, in __init__\n    self.__connect(first_connect_check=True)\n  File \"/Users/noah/Otis/backend/service/merchant/merchant-service-venv/lib/python3.7/site-packages/sqlalchemy/pool/base.py\", line 661, in __connect\n    pool.logger.debug(\"Error on connect(): %s\", e)\n  File \"/Users/noah/Otis/backend/service/merchant/merchant-service-venv/lib/python3.7/site-packages/sqlalchemy/util/langhelpers.py\", line 69, in __exit__\n    exc_value, with_traceback=exc_tb,\n  File \"/Users/noah/Otis/backend/service/merchant/merchant-service-venv/lib/python3.7/site-packages/sqlalchemy/util/compat.py\", line 178, in raise_\n    raise exception\n  File \"/Users/noah/Otis/backend/service/merchant/merchant-service-venv/lib/python3.7/site-packages/sqlalchemy/pool/base.py\", line 656, in __connect\n    connection = pool._invoke_creator(self)\n  File \"/Users/noah/Otis/backend/service/merchant/merchant-service-venv/lib/python3.7/site-packages/sqlalchemy/engine/strategies.py\", line 114, in connect\n    return dialect.connect(*cargs, **cparams)\n  File \"/Users/noah/Otis/backend/service/merchant/merchant-service-venv/lib/python3.7/site-packages/sqlalchemy/engine/default.py\", line 490, in connect\n    return self.dbapi.connect(*cargs, **cparams)\n  File \"/Users/noah/Otis/backend/service/merchant/merchant-service-venv/lib/python3.7/site-packages/psycopg2/__init__.py\", line 127, in connect\n    conn = _connect(dsn, connection_factory=connection_factory, **kwasync)\npsycopg2.OperationalError: could not translate host name \"otis-db-cluster-1.cluster-c6af70dxq6zw.eu-west-2.rds.amazonaws.com\" to address: nodename nor servname provided, or not known\n\n\nThe above exception was the direct cause of the following exception:\n\nTraceback (most recent call last):\n  File \"/Users/noah/Otis/backend/service/lib/utils/wrappers.py\", line 17, in wrap\n    return_value = func(*args, **kwargs)\n  File \"./impl/__init__.py\", line 41, in GetGeneralMerchant\n    print(Merchant.metadata.create_all(self.db_engine, checkfirst=False))\n  File \"/Users/noah/Otis/backend/service/merchant/merchant-service-venv/lib/python3.7/site-packages/sqlalchemy/sql/schema.py\", line 4465, in create_all\n    ddl.SchemaGenerator, self, checkfirst=checkfirst, tables=tables\n  File \"/Users/noah/Otis/backend/service/merchant/merchant-service-venv/lib/python3.7/site-packages/sqlalchemy/engine/base.py\", line 2103, in _run_visitor\n    with self._optional_conn_ctx_manager(connection) as conn:\n  File \"/usr/local/Cellar/python/3.7.6_1/Frameworks/Python.framework/Versions/3.7/lib/python3.7/contextlib.py\", line 112, in __enter__\n    return next(self.gen)\n  File \"/Users/noah/Otis/backend/service/merchant/merchant-service-venv/lib/python3.7/site-packages/sqlalchemy/engine/base.py\", line 2095, in _optional_conn_ctx_manager\n    with self._contextual_connect() as conn:\n  File \"/Users/noah/Otis/backend/service/merchant/merchant-service-venv/lib/python3.7/site-packages/sqlalchemy/engine/base.py\", line 2311, in _contextual_connect\n    self._wrap_pool_connect(self.pool.connect, None),\n  File \"/Users/noah/Otis/backend/service/merchant/merchant-service-venv/lib/python3.7/site-packages/sqlalchemy/engine/base.py\", line 2349, in _wrap_pool_connect\n    e, dialect, self\n  File \"/Users/noah/Otis/backend/service/merchant/merchant-service-venv/lib/python3.7/site-packages/sqlalchemy/engine/base.py\", line 1591, in _handle_dbapi_exception_noconnection\n    sqlalchemy_exception, with_traceback=exc_info[2], from_=e\n  File \"/Users/noah/Otis/backend/service/merchant/merchant-service-venv/lib/python3.7/site-packages/sqlalchemy/util/compat.py\", line 178, in raise_\n    raise exception\n  File \"/Users/noah/Otis/backend/service/merchant/merchant-service-venv/lib/python3.7/site-packages/sqlalchemy/engine/base.py\", line 2345, in _wrap_pool_connect\n    return fn()\n  File \"/Users/noah/Otis/backend/service/merchant/merchant-service-venv/lib/python3.7/site-packages/sqlalchemy/pool/base.py\", line 364, in connect\n    return _ConnectionFairy._checkout(self)\n  File \"/Users/noah/Otis/backend/service/merchant/merchant-service-venv/lib/python3.7/site-packages/sqlalchemy/pool/base.py\", line 778, in _checkout\n    fairy = _ConnectionRecord.checkout(pool)\n  File \"/Users/noah/Otis/backend/service/merchant/merchant-service-venv/lib/python3.7/site-packages/sqlalchemy/pool/base.py\", line 495, in checkout\n    rec = pool._do_get()\n  File \"/Users/noah/Otis/backend/service/merchant/merchant-service-venv/lib/python3.7/site-packages/sqlalchemy/pool/impl.py\", line 140, in _do_get\n    self._dec_overflow()\n  File \"/Users/noah/Otis/backend/service/merchant/merchant-service-venv/lib/python3.7/site-packages/sqlalchemy/util/langhelpers.py\", line 69, in __exit__\n    exc_value, with_traceback=exc_tb,\n  File \"/Users/noah/Otis/backend/service/merchant/merchant-service-venv/lib/python3.7/site-packages/sqlalchemy/util/compat.py\", line 178, in raise_\n    raise exception\n  File \"/Users/noah/Otis/backend/service/merchant/merchant-service-venv/lib/python3.7/site-packages/sqlalchemy/pool/impl.py\", line 137, in _do_get\n    return self._create_connection()\n  File \"/Users/noah/Otis/backend/service/merchant/merchant-service-venv/lib/python3.7/site-packages/sqlalchemy/pool/base.py\", line 309, in _create_connection\n    return _ConnectionRecord(self)\n  File \"/Users/noah/Otis/backend/service/merchant/merchant-service-venv/lib/python3.7/site-packages/sqlalchemy/pool/base.py\", line 440, in __init__\n    self.__connect(first_connect_check=True)\n  File \"/Users/noah/Otis/backend/service/merchant/merchant-service-venv/lib/python3.7/site-packages/sqlalchemy/pool/base.py\", line 661, in __connect\n    pool.logger.debug(\"Error on connect(): %s\", e)\n  File \"/Users/noah/Otis/backend/service/merchant/merchant-service-venv/lib/python3.7/site-packages/sqlalchemy/util/langhelpers.py\", line 69, in __exit__\n    exc_value, with_traceback=exc_tb,\n  File \"/Users/noah/Otis/backend/service/merchant/merchant-service-venv/lib/python3.7/site-packages/sqlalchemy/util/compat.py\", line 178, in raise_\n    raise exception\n  File \"/Users/noah/Otis/backend/service/merchant/merchant-service-venv/lib/python3.7/site-packages/sqlalchemy/pool/base.py\", line 656, in __connect\n    connection = pool._invoke_creator(self)\n  File \"/Users/noah/Otis/backend/service/merchant/merchant-service-venv/lib/python3.7/site-packages/sqlalchemy/engine/strategies.py\", line 114, in connect\n    return dialect.connect(*cargs, **cparams)\n  File \"/Users/noah/Otis/backend/service/merchant/merchant-service-venv/lib/python3.7/site-packages/sqlalchemy/engine/default.py\", line 490, in connect\n    return self.dbapi.connect(*cargs, **cparams)\n  File \"/Users/noah/Otis/backend/service/merchant/merchant-service-venv/lib/python3.7/site-packages/psycopg2/__init__.py\", line 127, in connect\n    conn = _connect(dsn, connection_factory=connection_factory, **kwasync)\nsqlalchemy.exc.OperationalError: (psycopg2.OperationalError) could not translate host name \"otis-db-cluster-1.cluster-c6af70dxq6zw.eu-west-2.rds.amazonaws.com\" to address: nodename nor servname provided, or not known\n\n(Background on this error at: http://sqlalche.me/e/e3q8)\n"}
{"message": "Listening on localhost:3005", "level": "INFO", "name": "merchant-service", "time": "2020-06-04T17:18:43.053775"}
{"message": "Called GetGeneralMerchant", "level": "INFO", "name": "merchant-service", "time": "2020-06-04T17:18:54.633703", "request": "merchantID: \"23034\"\n"}
